<?xml version="1.0" encoding="UTF-8"?>
<testsuite name="br.com.powercrm.application.activity.create.CreateActivityUseCaseTest" tests="3" skipped="0" failures="0" errors="0" timestamp="2023-06-03T15:34:24" hostname="MacBook-Air-de-Bruno.local" time="0.071">
  <properties/>
  <testcase name="givenAInvalidCommand_whenCallCreateActivity_thenShouldReturnDomainException()" classname="br.com.powercrm.application.activity.create.CreateActivityUseCaseTest" time="0.034"/>
  <testcase name="givenAValidCommand_whenGatewayThrowsRandomException_thenShouldAException()" classname="br.com.powercrm.application.activity.create.CreateActivityUseCaseTest" time="0.03"/>
  <testcase name="givenAValidCommand_whenCallCreateActivity_thenShouldReturnActivityId()" classname="br.com.powercrm.application.activity.create.CreateActivityUseCaseTest" time="0.005"/>
  <system-out><![CDATA[]]></system-out>
  <system-err><![CDATA[]]></system-err>
</testsuite>
