<?xml version="1.0" encoding="UTF-8"?>
<testsuite name="br.com.powercrm.application.activity.update.UpdateActivityUseCaseTest" tests="4" skipped="0" failures="0" errors="0" timestamp="2023-05-30T17:26:04" hostname="MacBook-Air-de-Bruno.local" time="0.013">
  <properties/>
  <testcase name="givenAInvalidCommand_whenCallUpdateActivity_thenShouldReturnDomainException()" classname="br.com.powercrm.application.activity.update.UpdateActivityUseCaseTest" time="0.003"/>
  <testcase name="givenAValidCommand_whenCallUpdateActivity_thenShouldReturnActivityId()" classname="br.com.powercrm.application.activity.update.UpdateActivityUseCaseTest" time="0.006"/>
  <testcase name="givenAValidCommand_whenGatewayThrowsRandomException_thenShouldAException()" classname="br.com.powercrm.application.activity.update.UpdateActivityUseCaseTest" time="0.002"/>
  <testcase name="givenAInvalidID_whenCallUpdateActivity_thenShouldReturnNotFoundException()" classname="br.com.powercrm.application.activity.update.UpdateActivityUseCaseTest" time="0.002"/>
  <system-out><![CDATA[]]></system-out>
  <system-err><![CDATA[]]></system-err>
</testsuite>
