<?xml version="1.0" encoding="UTF-8"?>
<testsuite name="br.com.powercrm.application.activity.delete.DeleteActivityUseCaseTest" tests="3" skipped="0" failures="0" errors="0" timestamp="2023-05-30T17:26:04" hostname="MacBook-Air-de-Bruno.local" time="0.007">
  <properties/>
  <testcase name="givenAValidCommand_whenGatewayThrowsRandomException_thenShouldAException()" classname="br.com.powercrm.application.activity.delete.DeleteActivityUseCaseTest" time="0.003"/>
  <testcase name="givenAInvalidID_whenCallDeleteActivity_thenShouldReturnBeOk()" classname="br.com.powercrm.application.activity.delete.DeleteActivityUseCaseTest" time="0.001"/>
  <testcase name="givenAValidCommand_whenCallDeleteActivity_thenShouldBeOK()" classname="br.com.powercrm.application.activity.delete.DeleteActivityUseCaseTest" time="0.001"/>
  <system-out><![CDATA[]]></system-out>
  <system-err><![CDATA[]]></system-err>
</testsuite>
