<?xml version="1.0" encoding="UTF-8"?>
<testsuite name="br.com.powercrm.application.activity.create.CreateActivityUseCaseTest" tests="3" skipped="0" failures="0" errors="0" timestamp="2023-05-30T17:26:03" hostname="MacBook-Air-de-Bruno.local" time="0.042">
  <properties/>
  <testcase name="givenAInvalidCommand_whenCallCreateActivity_thenShouldReturnDomainException()" classname="br.com.powercrm.application.activity.create.CreateActivityUseCaseTest" time="0.022"/>
  <testcase name="givenAValidCommand_whenGatewayThrowsRandomException_thenShouldAException()" classname="br.com.powercrm.application.activity.create.CreateActivityUseCaseTest" time="0.016"/>
  <testcase name="givenAValidCommand_whenCallCreateActivity_thenShouldReturnActivityId()" classname="br.com.powercrm.application.activity.create.CreateActivityUseCaseTest" time="0.004"/>
  <system-out><![CDATA[]]></system-out>
  <system-err><![CDATA[]]></system-err>
</testsuite>
