<?xml version="1.0" encoding="UTF-8"?>
<testsuite name="br.com.powercrm.infrastructure.activity.models.ActivityListResponseTest" tests="1" skipped="0" failures="0" errors="0" timestamp="2023-06-03T15:34:47" hostname="MacBook-Air-de-Bruno.local" time="0.06">
  <properties/>
  <testcase name="testMarshall()" classname="br.com.powercrm.infrastructure.activity.models.ActivityListResponseTest" time="0.06"/>
  <system-out><![CDATA[2023-06-03 12:34:47.467  INFO 49578 --- [    Test worker] o.s.b.t.a.j.JsonTestContextBootstrapper  : Neither @ContextConfiguration nor @ContextHierarchy found for test class [br.com.powercrm.infrastructure.activity.models.ActivityListResponseTest], using SpringBootContextLoader
2023-06-03 12:34:47.468  INFO 49578 --- [    Test worker] o.s.t.c.support.AbstractContextLoader    : Could not detect default resource locations for test class [br.com.powercrm.infrastructure.activity.models.ActivityListResponseTest]: no resource found for suffixes {-context.xml, Context.groovy}.
2023-06-03 12:34:47.468  INFO 49578 --- [    Test worker] t.c.s.AnnotationConfigContextLoaderUtils : Could not detect default configuration classes for test class [br.com.powercrm.infrastructure.activity.models.ActivityListResponseTest]: ActivityListResponseTest does not declare any static, non-private, non-final, nested classes annotated with @Configuration.
2023-06-03 12:34:47.477  INFO 49578 --- [    Test worker] .b.t.c.SpringBootTestContextBootstrapper : Found @SpringBootConfiguration br.com.powercrm.infrastructure.Main for test class br.com.powercrm.infrastructure.activity.models.ActivityListResponseTest
2023-06-03 12:34:47.477  INFO 49578 --- [    Test worker] o.s.b.t.a.j.JsonTestContextBootstrapper  : Loaded default TestExecutionListener class names from location [META-INF/spring.factories]: [org.springframework.boot.test.autoconfigure.restdocs.RestDocsTestExecutionListener, org.springframework.boot.test.autoconfigure.web.client.MockRestServiceServerResetTestExecutionListener, org.springframework.boot.test.autoconfigure.web.servlet.MockMvcPrintOnlyOnFailureTestExecutionListener, org.springframework.boot.test.autoconfigure.web.servlet.WebDriverTestExecutionListener, org.springframework.boot.test.autoconfigure.webservices.client.MockWebServiceServerTestExecutionListener, org.springframework.boot.test.mock.mockito.MockitoTestExecutionListener, org.springframework.boot.test.mock.mockito.ResetMocksTestExecutionListener, org.springframework.test.context.web.ServletTestExecutionListener, org.springframework.test.context.support.DirtiesContextBeforeModesTestExecutionListener, org.springframework.test.context.event.ApplicationEventsTestExecutionListener, org.springframework.test.context.support.DependencyInjectionTestExecutionListener, org.springframework.test.context.support.DirtiesContextTestExecutionListener, org.springframework.test.context.transaction.TransactionalTestExecutionListener, org.springframework.test.context.jdbc.SqlScriptsTestExecutionListener, org.springframework.test.context.event.EventPublishingTestExecutionListener]
2023-06-03 12:34:47.477  INFO 49578 --- [    Test worker] o.s.b.t.a.j.JsonTestContextBootstrapper  : Using TestExecutionListeners: [org.springframework.test.context.web.ServletTestExecutionListener@1625a1be, org.springframework.test.context.support.DirtiesContextBeforeModesTestExecutionListener@5cc090ad, org.springframework.test.context.event.ApplicationEventsTestExecutionListener@28247c73, org.springframework.boot.test.mock.mockito.MockitoTestExecutionListener@3d086b3a, org.springframework.boot.test.autoconfigure.SpringBootDependencyInjectionTestExecutionListener@69b0574, org.springframework.test.context.support.DirtiesContextTestExecutionListener@5e86b8f2, org.springframework.test.context.transaction.TransactionalTestExecutionListener@55ca90b5, org.springframework.test.context.jdbc.SqlScriptsTestExecutionListener@2b65608d, org.springframework.test.context.event.EventPublishingTestExecutionListener@750b7030, org.springframework.boot.test.autoconfigure.restdocs.RestDocsTestExecutionListener@1e21074b, org.springframework.boot.test.autoconfigure.web.client.MockRestServiceServerResetTestExecutionListener@1fef6302, org.springframework.boot.test.autoconfigure.web.servlet.MockMvcPrintOnlyOnFailureTestExecutionListener@1f8e097a, org.springframework.boot.test.autoconfigure.web.servlet.WebDriverTestExecutionListener@31aa704b, org.springframework.boot.test.autoconfigure.webservices.client.MockWebServiceServerTestExecutionListener@2727226a, org.springframework.boot.test.mock.mockito.ResetMocksTestExecutionListener@43b4a2ff]

  .   ____          _            __ _ _
 /\\ / ___'_ __ _ _(_)_ __  __ _ \ \ \ \
( ( )\___ | '_ | '_| | '_ \/ _` | \ \ \ \
 \\/  ___)| |_)| | | | | || (_| |  ) ) ) )
  '  |____| .__|_| |_|_| |_\__, | / / / /
 =========|_|==============|___/=/_/_/_/
 :: Spring Boot ::                (v2.7.7)

2023-06-03 12:34:47.491  INFO 49578 --- [    Test worker] b.c.p.i.a.m.ActivityListResponseTest     : Starting ActivityListResponseTest using Java 17.0.2 on MacBook-Air-de-Bruno.local with PID 49578 (started by bruno in /Users/bruno/trabalho/activity/infrastructure)
2023-06-03 12:34:47.492  INFO 49578 --- [    Test worker] b.c.p.i.a.m.ActivityListResponseTest     : The following 1 profile is active: "test-integration"
2023-06-03 12:34:47.525  INFO 49578 --- [    Test worker] b.c.p.i.a.m.ActivityListResponseTest     : Started ActivityListResponseTest in 0.045 seconds (JVM running for 21.193)
]]></system-out>
  <system-err><![CDATA[]]></system-err>
</testsuite>
