<?xml version="1.0" encoding="UTF-8"?>
<testsuite name="br.com.powercrm.application.activity.create.CreateActivityUseCaseIT" tests="3" skipped="0" failures="0" errors="0" timestamp="2023-06-03T15:34:30" hostname="MacBook-Air-de-Bruno.local" time="0.022">
  <properties/>
  <testcase name="givenAInvalidCommand_whenCallCreateActivity_thenShouldReturnDomainException()" classname="br.com.powercrm.application.activity.create.CreateActivityUseCaseIT" time="0.008"/>
  <testcase name="givenAValidCommand_whenGatewayThrowsRandomException_thenShouldAException()" classname="br.com.powercrm.application.activity.create.CreateActivityUseCaseIT" time="0.004"/>
  <testcase name="givenAValidCommand_whenCallCreateActivity_thenShouldReturnActivityId()" classname="br.com.powercrm.application.activity.create.CreateActivityUseCaseIT" time="0.008"/>
  <system-out><![CDATA[2023-06-03 12:34:30.894  INFO 49578 --- [    Test worker] .b.t.c.SpringBootTestContextBootstrapper : Neither @ContextConfiguration nor @ContextHierarchy found for test class [br.com.powercrm.application.activity.create.CreateActivityUseCaseIT], using SpringBootContextLoader
2023-06-03 12:34:30.894  INFO 49578 --- [    Test worker] o.s.t.c.support.AbstractContextLoader    : Could not detect default resource locations for test class [br.com.powercrm.application.activity.create.CreateActivityUseCaseIT]: no resource found for suffixes {-context.xml, Context.groovy}.
2023-06-03 12:34:30.896  INFO 49578 --- [    Test worker] .b.t.c.SpringBootTestContextBootstrapper : Loaded default TestExecutionListener class names from location [META-INF/spring.factories]: [org.springframework.boot.test.autoconfigure.restdocs.RestDocsTestExecutionListener, org.springframework.boot.test.autoconfigure.web.client.MockRestServiceServerResetTestExecutionListener, org.springframework.boot.test.autoconfigure.web.servlet.MockMvcPrintOnlyOnFailureTestExecutionListener, org.springframework.boot.test.autoconfigure.web.servlet.WebDriverTestExecutionListener, org.springframework.boot.test.autoconfigure.webservices.client.MockWebServiceServerTestExecutionListener, org.springframework.boot.test.mock.mockito.MockitoTestExecutionListener, org.springframework.boot.test.mock.mockito.ResetMocksTestExecutionListener, org.springframework.test.context.web.ServletTestExecutionListener, org.springframework.test.context.support.DirtiesContextBeforeModesTestExecutionListener, org.springframework.test.context.event.ApplicationEventsTestExecutionListener, org.springframework.test.context.support.DependencyInjectionTestExecutionListener, org.springframework.test.context.support.DirtiesContextTestExecutionListener, org.springframework.test.context.transaction.TransactionalTestExecutionListener, org.springframework.test.context.jdbc.SqlScriptsTestExecutionListener, org.springframework.test.context.event.EventPublishingTestExecutionListener]
2023-06-03 12:34:30.896  INFO 49578 --- [    Test worker] .b.t.c.SpringBootTestContextBootstrapper : Using TestExecutionListeners: [org.springframework.test.context.web.ServletTestExecutionListener@db7e9c3, org.springframework.test.context.support.DirtiesContextBeforeModesTestExecutionListener@4f835aee, org.springframework.test.context.event.ApplicationEventsTestExecutionListener@4a41fcbd, org.springframework.boot.test.mock.mockito.MockitoTestExecutionListener@2a9b865c, org.springframework.boot.test.autoconfigure.SpringBootDependencyInjectionTestExecutionListener@18508b3d, org.springframework.test.context.support.DirtiesContextTestExecutionListener@4d51f6f3, org.springframework.test.context.transaction.TransactionalTestExecutionListener@8304ff0, org.springframework.test.context.jdbc.SqlScriptsTestExecutionListener@7e6f91cc, org.springframework.test.context.event.EventPublishingTestExecutionListener@62faf45f, org.springframework.boot.test.autoconfigure.restdocs.RestDocsTestExecutionListener@20de609d, org.springframework.boot.test.autoconfigure.web.client.MockRestServiceServerResetTestExecutionListener@2a9be4b9, org.springframework.boot.test.autoconfigure.web.servlet.MockMvcPrintOnlyOnFailureTestExecutionListener@2878f1d7, org.springframework.boot.test.autoconfigure.web.servlet.WebDriverTestExecutionListener@1d15a08b, org.springframework.boot.test.autoconfigure.webservices.client.MockWebServiceServerTestExecutionListener@4e1cf13c, org.springframework.boot.test.mock.mockito.ResetMocksTestExecutionListener@3b577a6a]
Hibernate: select activityjp0_.id as id1_0_, activityjp0_.company_id as company_2_0_, activityjp0_.created_at as created_3_0_, activityjp0_.creative_company_user_id as creative4_0_, activityjp0_.description as descript5_0_, activityjp0_.finished_at as finished6_0_, activityjp0_.negotiation_id as negotiat7_0_, activityjp0_.response as response8_0_, activityjp0_.responsible_company_user_id as responsi9_0_, activityjp0_.scheduled as schedul10_0_, activityjp0_.status as status11_0_, activityjp0_.type as type12_0_, activityjp0_.updated_at as updated13_0_ from activities activityjp0_
Hibernate: select count(*) as col_0_0_ from activities activityjp0_
Hibernate: select count(*) as col_0_0_ from activities activityjp0_
Hibernate: select activityjp0_.id as id1_0_, activityjp0_.company_id as company_2_0_, activityjp0_.created_at as created_3_0_, activityjp0_.creative_company_user_id as creative4_0_, activityjp0_.description as descript5_0_, activityjp0_.finished_at as finished6_0_, activityjp0_.negotiation_id as negotiat7_0_, activityjp0_.response as response8_0_, activityjp0_.responsible_company_user_id as responsi9_0_, activityjp0_.scheduled as schedul10_0_, activityjp0_.status as status11_0_, activityjp0_.type as type12_0_, activityjp0_.updated_at as updated13_0_ from activities activityjp0_
Hibernate: select activityjp0_.id as id1_0_, activityjp0_.company_id as company_2_0_, activityjp0_.created_at as created_3_0_, activityjp0_.creative_company_user_id as creative4_0_, activityjp0_.description as descript5_0_, activityjp0_.finished_at as finished6_0_, activityjp0_.negotiation_id as negotiat7_0_, activityjp0_.response as response8_0_, activityjp0_.responsible_company_user_id as responsi9_0_, activityjp0_.scheduled as schedul10_0_, activityjp0_.status as status11_0_, activityjp0_.type as type12_0_, activityjp0_.updated_at as updated13_0_ from activities activityjp0_
Hibernate: select count(*) as col_0_0_ from activities activityjp0_
Hibernate: insert into activities (company_id, created_at, creative_company_user_id, description, finished_at, negotiation_id, response, responsible_company_user_id, scheduled, status, type, updated_at) values (?, ?, ?, ?, ?, ?, ?, ?, ?, ?, ?, ?)
Hibernate: select count(*) as col_0_0_ from activities activityjp0_
Hibernate: select activityjp0_.id as id1_0_0_, activityjp0_.company_id as company_2_0_0_, activityjp0_.created_at as created_3_0_0_, activityjp0_.creative_company_user_id as creative4_0_0_, activityjp0_.description as descript5_0_0_, activityjp0_.finished_at as finished6_0_0_, activityjp0_.negotiation_id as negotiat7_0_0_, activityjp0_.response as response8_0_0_, activityjp0_.responsible_company_user_id as responsi9_0_0_, activityjp0_.scheduled as schedul10_0_0_, activityjp0_.status as status11_0_0_, activityjp0_.type as type12_0_0_, activityjp0_.updated_at as updated13_0_0_ from activities activityjp0_ where activityjp0_.id=?
]]></system-out>
  <system-err><![CDATA[]]></system-err>
</testsuite>
