<?xml version="1.0" encoding="UTF-8"?>
<testsuite name="br.com.powercrm.infrastructure.activity.models.ActivityResponseTest" tests="2" skipped="0" failures="0" errors="0" timestamp="2023-06-03T15:34:47" hostname="MacBook-Air-de-Bruno.local" time="0.02">
  <properties/>
  <testcase name="testMarshall()" classname="br.com.powercrm.infrastructure.activity.models.ActivityResponseTest" time="0.006"/>
  <testcase name="testUnmarshall()" classname="br.com.powercrm.infrastructure.activity.models.ActivityResponseTest" time="0.013"/>
  <system-out><![CDATA[2023-06-03 12:34:47.593  INFO 49578 --- [    Test worker] o.s.b.t.a.j.JsonTestContextBootstrapper  : Neither @ContextConfiguration nor @ContextHierarchy found for test class [br.com.powercrm.infrastructure.activity.models.ActivityResponseTest], using SpringBootContextLoader
2023-06-03 12:34:47.594  INFO 49578 --- [    Test worker] o.s.t.c.support.AbstractContextLoader    : Could not detect default resource locations for test class [br.com.powercrm.infrastructure.activity.models.ActivityResponseTest]: no resource found for suffixes {-context.xml, Context.groovy}.
2023-06-03 12:34:47.594  INFO 49578 --- [    Test worker] t.c.s.AnnotationConfigContextLoaderUtils : Could not detect default configuration classes for test class [br.com.powercrm.infrastructure.activity.models.ActivityResponseTest]: ActivityResponseTest does not declare any static, non-private, non-final, nested classes annotated with @Configuration.
2023-06-03 12:34:47.595  INFO 49578 --- [    Test worker] .b.t.c.SpringBootTestContextBootstrapper : Found @SpringBootConfiguration br.com.powercrm.infrastructure.Main for test class br.com.powercrm.infrastructure.activity.models.ActivityResponseTest
2023-06-03 12:34:47.595  INFO 49578 --- [    Test worker] o.s.b.t.a.j.JsonTestContextBootstrapper  : Loaded default TestExecutionListener class names from location [META-INF/spring.factories]: [org.springframework.boot.test.autoconfigure.restdocs.RestDocsTestExecutionListener, org.springframework.boot.test.autoconfigure.web.client.MockRestServiceServerResetTestExecutionListener, org.springframework.boot.test.autoconfigure.web.servlet.MockMvcPrintOnlyOnFailureTestExecutionListener, org.springframework.boot.test.autoconfigure.web.servlet.WebDriverTestExecutionListener, org.springframework.boot.test.autoconfigure.webservices.client.MockWebServiceServerTestExecutionListener, org.springframework.boot.test.mock.mockito.MockitoTestExecutionListener, org.springframework.boot.test.mock.mockito.ResetMocksTestExecutionListener, org.springframework.test.context.web.ServletTestExecutionListener, org.springframework.test.context.support.DirtiesContextBeforeModesTestExecutionListener, org.springframework.test.context.event.ApplicationEventsTestExecutionListener, org.springframework.test.context.support.DependencyInjectionTestExecutionListener, org.springframework.test.context.support.DirtiesContextTestExecutionListener, org.springframework.test.context.transaction.TransactionalTestExecutionListener, org.springframework.test.context.jdbc.SqlScriptsTestExecutionListener, org.springframework.test.context.event.EventPublishingTestExecutionListener]
2023-06-03 12:34:47.596  INFO 49578 --- [    Test worker] o.s.b.t.a.j.JsonTestContextBootstrapper  : Using TestExecutionListeners: [org.springframework.test.context.web.ServletTestExecutionListener@6e027007, org.springframework.test.context.support.DirtiesContextBeforeModesTestExecutionListener@2333298f, org.springframework.test.context.event.ApplicationEventsTestExecutionListener@18154756, org.springframework.boot.test.mock.mockito.MockitoTestExecutionListener@734ed73e, org.springframework.boot.test.autoconfigure.SpringBootDependencyInjectionTestExecutionListener@e311318, org.springframework.test.context.support.DirtiesContextTestExecutionListener@34f42c00, org.springframework.test.context.transaction.TransactionalTestExecutionListener@6e9f23f, org.springframework.test.context.jdbc.SqlScriptsTestExecutionListener@31b22fb, org.springframework.test.context.event.EventPublishingTestExecutionListener@5b45853, org.springframework.boot.test.autoconfigure.restdocs.RestDocsTestExecutionListener@10b5e0c9, org.springframework.boot.test.autoconfigure.web.client.MockRestServiceServerResetTestExecutionListener@598480ea, org.springframework.boot.test.autoconfigure.web.servlet.MockMvcPrintOnlyOnFailureTestExecutionListener@3526ddb, org.springframework.boot.test.autoconfigure.web.servlet.WebDriverTestExecutionListener@2483db22, org.springframework.boot.test.autoconfigure.webservices.client.MockWebServiceServerTestExecutionListener@1b0fd4d3, org.springframework.boot.test.mock.mockito.ResetMocksTestExecutionListener@66719488]
]]></system-out>
  <system-err><![CDATA[]]></system-err>
</testsuite>
