<?xml version="1.0" encoding="UTF-8"?>
<testsuite name="br.com.powercrm.application.activity.retrieve.list.ListActivitiesUseCaseIT" tests="15" skipped="0" failures="0" errors="0" timestamp="2023-06-03T15:34:31" hostname="MacBook-Air-de-Bruno.local" time="0.228">
  <properties/>
  <testcase name="givenAValidTerm_whenTermDoesntMatchsPrePersisted_shouldReturnEmptyPage()" classname="br.com.powercrm.application.activity.retrieve.list.ListActivitiesUseCaseIT" time="0.03"/>
  <testcase name="[1] expectedSort=description, expectedDirection=asc, expectedPage=0, expectedPerPage=10, expectedItemsCount=7, expectedTotal=7, expectedActivityDescription=email" classname="br.com.powercrm.application.activity.retrieve.list.ListActivitiesUseCaseIT" time="0.021"/>
  <testcase name="[2] expectedSort=description, expectedDirection=desc, expectedPage=0, expectedPerPage=10, expectedItemsCount=7, expectedTotal=7, expectedActivityDescription=wats" classname="br.com.powercrm.application.activity.retrieve.list.ListActivitiesUseCaseIT" time="0.014"/>
  <testcase name="[3] expectedSort=createdAt, expectedDirection=asc, expectedPage=0, expectedPerPage=10, expectedItemsCount=7, expectedTotal=7, expectedActivityDescription=venda" classname="br.com.powercrm.application.activity.retrieve.list.ListActivitiesUseCaseIT" time="0.012"/>
  <testcase name="[4] expectedSort=createdAt, expectedDirection=desc, expectedPage=0, expectedPerPage=10, expectedItemsCount=7, expectedTotal=7, expectedActivityDescription=telefone" classname="br.com.powercrm.application.activity.retrieve.list.ListActivitiesUseCaseIT" time="0.011"/>
  <testcase name="[1] expectedTerms=ven, expectedPage=0, expectedPerPage=10, expectedItemsCount=1, expectedTotal=1, expectedActivityDescription=venda" classname="br.com.powercrm.application.activity.retrieve.list.ListActivitiesUseCaseIT" time="0.011"/>
  <testcase name="[2] expectedTerms=lig, expectedPage=0, expectedPerPage=10, expectedItemsCount=1, expectedTotal=1, expectedActivityDescription=ligar" classname="br.com.powercrm.application.activity.retrieve.list.ListActivitiesUseCaseIT" time="0.01"/>
  <testcase name="[3] expectedTerms=nar, expectedPage=0, expectedPerPage=10, expectedItemsCount=1, expectedTotal=1, expectedActivityDescription=telefonar" classname="br.com.powercrm.application.activity.retrieve.list.ListActivitiesUseCaseIT" time="0.01"/>
  <testcase name="[4] expectedTerms=ema, expectedPage=0, expectedPerPage=10, expectedItemsCount=1, expectedTotal=1, expectedActivityDescription=email" classname="br.com.powercrm.application.activity.retrieve.list.ListActivitiesUseCaseIT" time="0.013"/>
  <testcase name="[5] expectedTerms=re, expectedPage=0, expectedPerPage=10, expectedItemsCount=1, expectedTotal=1, expectedActivityDescription=retentar" classname="br.com.powercrm.application.activity.retrieve.list.ListActivitiesUseCaseIT" time="0.01"/>
  <testcase name="[6] expectedTerms=wa, expectedPage=0, expectedPerPage=10, expectedItemsCount=1, expectedTotal=1, expectedActivityDescription=wats" classname="br.com.powercrm.application.activity.retrieve.list.ListActivitiesUseCaseIT" time="0.01"/>
  <testcase name="[1] expectedPage=0, expectedPerPage=2, expectedItemsCount=2, expectedTotal=7, expectedActivityDescription=email;ligar" classname="br.com.powercrm.application.activity.retrieve.list.ListActivitiesUseCaseIT" time="0.011"/>
  <testcase name="[2] expectedPage=1, expectedPerPage=2, expectedItemsCount=2, expectedTotal=7, expectedActivityDescription=retentar;telefonar" classname="br.com.powercrm.application.activity.retrieve.list.ListActivitiesUseCaseIT" time="0.008"/>
  <testcase name="[3] expectedPage=2, expectedPerPage=2, expectedItemsCount=2, expectedTotal=7, expectedActivityDescription=telefone;venda" classname="br.com.powercrm.application.activity.retrieve.list.ListActivitiesUseCaseIT" time="0.009"/>
  <testcase name="[4] expectedPage=3, expectedPerPage=2, expectedItemsCount=1, expectedTotal=7, expectedActivityDescription=wats" classname="br.com.powercrm.application.activity.retrieve.list.ListActivitiesUseCaseIT" time="0.009"/>
  <system-out><![CDATA[2023-06-03 12:34:30.977  INFO 49578 --- [    Test worker] .b.t.c.SpringBootTestContextBootstrapper : Neither @ContextConfiguration nor @ContextHierarchy found for test class [br.com.powercrm.application.activity.retrieve.list.ListActivitiesUseCaseIT], using SpringBootContextLoader
2023-06-03 12:34:30.977  INFO 49578 --- [    Test worker] o.s.t.c.support.AbstractContextLoader    : Could not detect default resource locations for test class [br.com.powercrm.application.activity.retrieve.list.ListActivitiesUseCaseIT]: no resource found for suffixes {-context.xml, Context.groovy}.
2023-06-03 12:34:30.978  INFO 49578 --- [    Test worker] .b.t.c.SpringBootTestContextBootstrapper : Loaded default TestExecutionListener class names from location [META-INF/spring.factories]: [org.springframework.boot.test.autoconfigure.restdocs.RestDocsTestExecutionListener, org.springframework.boot.test.autoconfigure.web.client.MockRestServiceServerResetTestExecutionListener, org.springframework.boot.test.autoconfigure.web.servlet.MockMvcPrintOnlyOnFailureTestExecutionListener, org.springframework.boot.test.autoconfigure.web.servlet.WebDriverTestExecutionListener, org.springframework.boot.test.autoconfigure.webservices.client.MockWebServiceServerTestExecutionListener, org.springframework.boot.test.mock.mockito.MockitoTestExecutionListener, org.springframework.boot.test.mock.mockito.ResetMocksTestExecutionListener, org.springframework.test.context.web.ServletTestExecutionListener, org.springframework.test.context.support.DirtiesContextBeforeModesTestExecutionListener, org.springframework.test.context.event.ApplicationEventsTestExecutionListener, org.springframework.test.context.support.DependencyInjectionTestExecutionListener, org.springframework.test.context.support.DirtiesContextTestExecutionListener, org.springframework.test.context.transaction.TransactionalTestExecutionListener, org.springframework.test.context.jdbc.SqlScriptsTestExecutionListener, org.springframework.test.context.event.EventPublishingTestExecutionListener]
2023-06-03 12:34:30.979  INFO 49578 --- [    Test worker] .b.t.c.SpringBootTestContextBootstrapper : Using TestExecutionListeners: [org.springframework.test.context.web.ServletTestExecutionListener@30ba61c1, org.springframework.test.context.support.DirtiesContextBeforeModesTestExecutionListener@44637a90, org.springframework.test.context.event.ApplicationEventsTestExecutionListener@61f2600a, org.springframework.boot.test.mock.mockito.MockitoTestExecutionListener@658b7845, org.springframework.boot.test.autoconfigure.SpringBootDependencyInjectionTestExecutionListener@6dcb95c, org.springframework.test.context.support.DirtiesContextTestExecutionListener@59b4f4ed, org.springframework.test.context.transaction.TransactionalTestExecutionListener@2b342de1, org.springframework.test.context.jdbc.SqlScriptsTestExecutionListener@15c32192, org.springframework.test.context.event.EventPublishingTestExecutionListener@76366c2f, org.springframework.boot.test.autoconfigure.restdocs.RestDocsTestExecutionListener@85bfd98, org.springframework.boot.test.autoconfigure.web.client.MockRestServiceServerResetTestExecutionListener@20a9257, org.springframework.boot.test.autoconfigure.web.servlet.MockMvcPrintOnlyOnFailureTestExecutionListener@ec9fc35, org.springframework.boot.test.autoconfigure.web.servlet.WebDriverTestExecutionListener@4bdbaed7, org.springframework.boot.test.autoconfigure.webservices.client.MockWebServiceServerTestExecutionListener@1c3b3d09, org.springframework.boot.test.mock.mockito.ResetMocksTestExecutionListener@4a759cf3]

  .   ____          _            __ _ _
 /\\ / ___'_ __ _ _(_)_ __  __ _ \ \ \ \
( ( )\___ | '_ | '_| | '_ \/ _` | \ \ \ \
 \\/  ___)| |_)| | | | | || (_| |  ) ) ) )
  '  |____| .__|_| |_|_| |_\__, | / / / /
 =========|_|==============|___/=/_/_/_/
 :: Spring Boot ::                (v2.7.7)

2023-06-03 12:34:30.991  INFO 49578 --- [    Test worker] b.c.p.a.a.r.l.ListActivitiesUseCaseIT    : Starting ListActivitiesUseCaseIT using Java 17.0.2 on MacBook-Air-de-Bruno.local with PID 49578 (started by bruno in /Users/bruno/trabalho/activity/infrastructure)
2023-06-03 12:34:30.992  INFO 49578 --- [    Test worker] b.c.p.a.a.r.l.ListActivitiesUseCaseIT    : The following 1 profile is active: "test-integration"
2023-06-03 12:34:31.078  INFO 49578 --- [    Test worker] .s.d.r.c.RepositoryConfigurationDelegate : Bootstrapping Spring Data JPA repositories in DEFAULT mode.
2023-06-03 12:34:31.083  INFO 49578 --- [    Test worker] .s.d.r.c.RepositoryConfigurationDelegate : Finished Spring Data repository scanning in 4 ms. Found 1 JPA repository interfaces.
2023-06-03 12:34:31.136  INFO 49578 --- [    Test worker] o.f.c.internal.license.VersionPrinter    : Flyway Community Edition 8.5.13 by Redgate
2023-06-03 12:34:31.136  INFO 49578 --- [    Test worker] o.f.c.internal.license.VersionPrinter    : See what's new here: https://flywaydb.org/documentation/learnmore/releaseNotes#8.5.13
2023-06-03 12:34:31.136  INFO 49578 --- [    Test worker] o.f.c.internal.license.VersionPrinter    : 
2023-06-03 12:34:31.136  INFO 49578 --- [    Test worker] o.f.c.i.resource.ResourceNameValidator   : 1 SQL migrations were detected but not run because they did not follow the filename convention.
2023-06-03 12:34:31.137  INFO 49578 --- [    Test worker] o.f.c.i.resource.ResourceNameValidator   : If this is in error, enable debug logging or 'validateMigrationNaming' to fail fast and see a list of the invalid file names.
2023-06-03 12:34:31.137  WARN 49578 --- [    Test worker] com.zaxxer.hikari.HikariConfig           : master - idleTimeout is close to or more than maxLifetime, disabling it.
2023-06-03 12:34:31.137  INFO 49578 --- [    Test worker] com.zaxxer.hikari.HikariDataSource       : master - Starting...
2023-06-03 12:34:31.137  INFO 49578 --- [    Test worker] com.zaxxer.hikari.HikariDataSource       : master - Start completed.
2023-06-03 12:34:31.137  INFO 49578 --- [    Test worker] o.f.c.i.database.base.BaseDatabaseType   : Database: jdbc:h2:mem:powercrm_activity_test (H2 2.1)
2023-06-03 12:34:31.139  WARN 49578 --- [    Test worker] o.f.c.internal.database.base.Database    : Flyway upgrade recommended: H2 2.1.214 is newer than this version of Flyway and support has not been tested. The latest supported version of H2 is 2.1.210.
2023-06-03 12:34:31.141  INFO 49578 --- [    Test worker] o.f.core.internal.command.DbValidate     : Successfully validated 1 migration (execution time 00:00.001s)
2023-06-03 12:34:31.143  INFO 49578 --- [    Test worker] o.f.core.internal.command.DbMigrate      : Current version of schema "public": 1
2023-06-03 12:34:31.143  INFO 49578 --- [    Test worker] o.f.core.internal.command.DbMigrate      : Schema "public" is up to date. No migration necessary.
2023-06-03 12:34:31.163  INFO 49578 --- [    Test worker] o.hibernate.jpa.internal.util.LogHelper  : HHH000204: Processing PersistenceUnitInfo [name: default]
2023-06-03 12:34:31.166  INFO 49578 --- [    Test worker] org.hibernate.dialect.Dialect            : HHH000400: Using dialect: org.hibernate.dialect.MySQL5InnoDBDialect
2023-06-03 12:34:31.182  INFO 49578 --- [    Test worker] o.h.e.t.j.p.i.JtaPlatformInitiator       : HHH000490: Using JtaPlatform implementation: [org.hibernate.engine.transaction.jta.platform.internal.NoJtaPlatform]
2023-06-03 12:34:31.182  INFO 49578 --- [    Test worker] j.LocalContainerEntityManagerFactoryBean : Initialized JPA EntityManagerFactory for persistence unit 'default'
2023-06-03 12:34:31.297  INFO 49578 --- [    Test worker] o.s.b.a.h2.H2ConsoleAutoConfiguration    : H2 console available at '/h2'. Database available at 'jdbc:h2:mem:powercrm_activity_test'
2023-06-03 12:34:31.387  INFO 49578 --- [    Test worker] b.c.p.a.a.r.l.ListActivitiesUseCaseIT    : Started ListActivitiesUseCaseIT in 0.407 seconds (JVM running for 5.055)
Hibernate: select activityjp0_.id as id1_0_, activityjp0_.company_id as company_2_0_, activityjp0_.created_at as created_3_0_, activityjp0_.creative_company_user_id as creative4_0_, activityjp0_.description as descript5_0_, activityjp0_.finished_at as finished6_0_, activityjp0_.negotiation_id as negotiat7_0_, activityjp0_.response as response8_0_, activityjp0_.responsible_company_user_id as responsi9_0_, activityjp0_.scheduled as schedul10_0_, activityjp0_.status as status11_0_, activityjp0_.type as type12_0_, activityjp0_.updated_at as updated13_0_ from activities activityjp0_
Hibernate: delete from activities where id=?
Hibernate: insert into activities (company_id, created_at, creative_company_user_id, description, finished_at, negotiation_id, response, responsible_company_user_id, scheduled, status, type, updated_at) values (?, ?, ?, ?, ?, ?, ?, ?, ?, ?, ?, ?)
Hibernate: insert into activities (company_id, created_at, creative_company_user_id, description, finished_at, negotiation_id, response, responsible_company_user_id, scheduled, status, type, updated_at) values (?, ?, ?, ?, ?, ?, ?, ?, ?, ?, ?, ?)
Hibernate: insert into activities (company_id, created_at, creative_company_user_id, description, finished_at, negotiation_id, response, responsible_company_user_id, scheduled, status, type, updated_at) values (?, ?, ?, ?, ?, ?, ?, ?, ?, ?, ?, ?)
Hibernate: insert into activities (company_id, created_at, creative_company_user_id, description, finished_at, negotiation_id, response, responsible_company_user_id, scheduled, status, type, updated_at) values (?, ?, ?, ?, ?, ?, ?, ?, ?, ?, ?, ?)
Hibernate: insert into activities (company_id, created_at, creative_company_user_id, description, finished_at, negotiation_id, response, responsible_company_user_id, scheduled, status, type, updated_at) values (?, ?, ?, ?, ?, ?, ?, ?, ?, ?, ?, ?)
Hibernate: insert into activities (company_id, created_at, creative_company_user_id, description, finished_at, negotiation_id, response, responsible_company_user_id, scheduled, status, type, updated_at) values (?, ?, ?, ?, ?, ?, ?, ?, ?, ?, ?, ?)
Hibernate: insert into activities (company_id, created_at, creative_company_user_id, description, finished_at, negotiation_id, response, responsible_company_user_id, scheduled, status, type, updated_at) values (?, ?, ?, ?, ?, ?, ?, ?, ?, ?, ?, ?)
Hibernate: select activityjp0_.id as id1_0_, activityjp0_.company_id as company_2_0_, activityjp0_.created_at as created_3_0_, activityjp0_.creative_company_user_id as creative4_0_, activityjp0_.description as descript5_0_, activityjp0_.finished_at as finished6_0_, activityjp0_.negotiation_id as negotiat7_0_, activityjp0_.response as response8_0_, activityjp0_.responsible_company_user_id as responsi9_0_, activityjp0_.scheduled as schedul10_0_, activityjp0_.status as status11_0_, activityjp0_.type as type12_0_, activityjp0_.updated_at as updated13_0_ from activities activityjp0_ where upper(activityjp0_.description) like ? order by activityjp0_.description asc limit ?
Hibernate: select activityjp0_.id as id1_0_, activityjp0_.company_id as company_2_0_, activityjp0_.created_at as created_3_0_, activityjp0_.creative_company_user_id as creative4_0_, activityjp0_.description as descript5_0_, activityjp0_.finished_at as finished6_0_, activityjp0_.negotiation_id as negotiat7_0_, activityjp0_.response as response8_0_, activityjp0_.responsible_company_user_id as responsi9_0_, activityjp0_.scheduled as schedul10_0_, activityjp0_.status as status11_0_, activityjp0_.type as type12_0_, activityjp0_.updated_at as updated13_0_ from activities activityjp0_
Hibernate: delete from activities where id=?
Hibernate: delete from activities where id=?
Hibernate: delete from activities where id=?
Hibernate: delete from activities where id=?
Hibernate: delete from activities where id=?
Hibernate: delete from activities where id=?
Hibernate: delete from activities where id=?
Hibernate: insert into activities (company_id, created_at, creative_company_user_id, description, finished_at, negotiation_id, response, responsible_company_user_id, scheduled, status, type, updated_at) values (?, ?, ?, ?, ?, ?, ?, ?, ?, ?, ?, ?)
Hibernate: insert into activities (company_id, created_at, creative_company_user_id, description, finished_at, negotiation_id, response, responsible_company_user_id, scheduled, status, type, updated_at) values (?, ?, ?, ?, ?, ?, ?, ?, ?, ?, ?, ?)
Hibernate: insert into activities (company_id, created_at, creative_company_user_id, description, finished_at, negotiation_id, response, responsible_company_user_id, scheduled, status, type, updated_at) values (?, ?, ?, ?, ?, ?, ?, ?, ?, ?, ?, ?)
Hibernate: insert into activities (company_id, created_at, creative_company_user_id, description, finished_at, negotiation_id, response, responsible_company_user_id, scheduled, status, type, updated_at) values (?, ?, ?, ?, ?, ?, ?, ?, ?, ?, ?, ?)
Hibernate: insert into activities (company_id, created_at, creative_company_user_id, description, finished_at, negotiation_id, response, responsible_company_user_id, scheduled, status, type, updated_at) values (?, ?, ?, ?, ?, ?, ?, ?, ?, ?, ?, ?)
Hibernate: insert into activities (company_id, created_at, creative_company_user_id, description, finished_at, negotiation_id, response, responsible_company_user_id, scheduled, status, type, updated_at) values (?, ?, ?, ?, ?, ?, ?, ?, ?, ?, ?, ?)
Hibernate: insert into activities (company_id, created_at, creative_company_user_id, description, finished_at, negotiation_id, response, responsible_company_user_id, scheduled, status, type, updated_at) values (?, ?, ?, ?, ?, ?, ?, ?, ?, ?, ?, ?)
Hibernate: select activityjp0_.id as id1_0_, activityjp0_.company_id as company_2_0_, activityjp0_.created_at as created_3_0_, activityjp0_.creative_company_user_id as creative4_0_, activityjp0_.description as descript5_0_, activityjp0_.finished_at as finished6_0_, activityjp0_.negotiation_id as negotiat7_0_, activityjp0_.response as response8_0_, activityjp0_.responsible_company_user_id as responsi9_0_, activityjp0_.scheduled as schedul10_0_, activityjp0_.status as status11_0_, activityjp0_.type as type12_0_, activityjp0_.updated_at as updated13_0_ from activities activityjp0_ order by activityjp0_.description asc limit ?
Hibernate: select activityjp0_.id as id1_0_, activityjp0_.company_id as company_2_0_, activityjp0_.created_at as created_3_0_, activityjp0_.creative_company_user_id as creative4_0_, activityjp0_.description as descript5_0_, activityjp0_.finished_at as finished6_0_, activityjp0_.negotiation_id as negotiat7_0_, activityjp0_.response as response8_0_, activityjp0_.responsible_company_user_id as responsi9_0_, activityjp0_.scheduled as schedul10_0_, activityjp0_.status as status11_0_, activityjp0_.type as type12_0_, activityjp0_.updated_at as updated13_0_ from activities activityjp0_
Hibernate: delete from activities where id=?
Hibernate: delete from activities where id=?
Hibernate: delete from activities where id=?
Hibernate: delete from activities where id=?
Hibernate: delete from activities where id=?
Hibernate: delete from activities where id=?
Hibernate: delete from activities where id=?
Hibernate: insert into activities (company_id, created_at, creative_company_user_id, description, finished_at, negotiation_id, response, responsible_company_user_id, scheduled, status, type, updated_at) values (?, ?, ?, ?, ?, ?, ?, ?, ?, ?, ?, ?)
Hibernate: insert into activities (company_id, created_at, creative_company_user_id, description, finished_at, negotiation_id, response, responsible_company_user_id, scheduled, status, type, updated_at) values (?, ?, ?, ?, ?, ?, ?, ?, ?, ?, ?, ?)
Hibernate: insert into activities (company_id, created_at, creative_company_user_id, description, finished_at, negotiation_id, response, responsible_company_user_id, scheduled, status, type, updated_at) values (?, ?, ?, ?, ?, ?, ?, ?, ?, ?, ?, ?)
Hibernate: insert into activities (company_id, created_at, creative_company_user_id, description, finished_at, negotiation_id, response, responsible_company_user_id, scheduled, status, type, updated_at) values (?, ?, ?, ?, ?, ?, ?, ?, ?, ?, ?, ?)
Hibernate: insert into activities (company_id, created_at, creative_company_user_id, description, finished_at, negotiation_id, response, responsible_company_user_id, scheduled, status, type, updated_at) values (?, ?, ?, ?, ?, ?, ?, ?, ?, ?, ?, ?)
Hibernate: insert into activities (company_id, created_at, creative_company_user_id, description, finished_at, negotiation_id, response, responsible_company_user_id, scheduled, status, type, updated_at) values (?, ?, ?, ?, ?, ?, ?, ?, ?, ?, ?, ?)
Hibernate: insert into activities (company_id, created_at, creative_company_user_id, description, finished_at, negotiation_id, response, responsible_company_user_id, scheduled, status, type, updated_at) values (?, ?, ?, ?, ?, ?, ?, ?, ?, ?, ?, ?)
Hibernate: select activityjp0_.id as id1_0_, activityjp0_.company_id as company_2_0_, activityjp0_.created_at as created_3_0_, activityjp0_.creative_company_user_id as creative4_0_, activityjp0_.description as descript5_0_, activityjp0_.finished_at as finished6_0_, activityjp0_.negotiation_id as negotiat7_0_, activityjp0_.response as response8_0_, activityjp0_.responsible_company_user_id as responsi9_0_, activityjp0_.scheduled as schedul10_0_, activityjp0_.status as status11_0_, activityjp0_.type as type12_0_, activityjp0_.updated_at as updated13_0_ from activities activityjp0_ order by activityjp0_.description desc limit ?
Hibernate: select activityjp0_.id as id1_0_, activityjp0_.company_id as company_2_0_, activityjp0_.created_at as created_3_0_, activityjp0_.creative_company_user_id as creative4_0_, activityjp0_.description as descript5_0_, activityjp0_.finished_at as finished6_0_, activityjp0_.negotiation_id as negotiat7_0_, activityjp0_.response as response8_0_, activityjp0_.responsible_company_user_id as responsi9_0_, activityjp0_.scheduled as schedul10_0_, activityjp0_.status as status11_0_, activityjp0_.type as type12_0_, activityjp0_.updated_at as updated13_0_ from activities activityjp0_
Hibernate: delete from activities where id=?
Hibernate: delete from activities where id=?
Hibernate: delete from activities where id=?
Hibernate: delete from activities where id=?
Hibernate: delete from activities where id=?
Hibernate: delete from activities where id=?
Hibernate: delete from activities where id=?
Hibernate: insert into activities (company_id, created_at, creative_company_user_id, description, finished_at, negotiation_id, response, responsible_company_user_id, scheduled, status, type, updated_at) values (?, ?, ?, ?, ?, ?, ?, ?, ?, ?, ?, ?)
Hibernate: insert into activities (company_id, created_at, creative_company_user_id, description, finished_at, negotiation_id, response, responsible_company_user_id, scheduled, status, type, updated_at) values (?, ?, ?, ?, ?, ?, ?, ?, ?, ?, ?, ?)
Hibernate: insert into activities (company_id, created_at, creative_company_user_id, description, finished_at, negotiation_id, response, responsible_company_user_id, scheduled, status, type, updated_at) values (?, ?, ?, ?, ?, ?, ?, ?, ?, ?, ?, ?)
Hibernate: insert into activities (company_id, created_at, creative_company_user_id, description, finished_at, negotiation_id, response, responsible_company_user_id, scheduled, status, type, updated_at) values (?, ?, ?, ?, ?, ?, ?, ?, ?, ?, ?, ?)
Hibernate: insert into activities (company_id, created_at, creative_company_user_id, description, finished_at, negotiation_id, response, responsible_company_user_id, scheduled, status, type, updated_at) values (?, ?, ?, ?, ?, ?, ?, ?, ?, ?, ?, ?)
Hibernate: insert into activities (company_id, created_at, creative_company_user_id, description, finished_at, negotiation_id, response, responsible_company_user_id, scheduled, status, type, updated_at) values (?, ?, ?, ?, ?, ?, ?, ?, ?, ?, ?, ?)
Hibernate: insert into activities (company_id, created_at, creative_company_user_id, description, finished_at, negotiation_id, response, responsible_company_user_id, scheduled, status, type, updated_at) values (?, ?, ?, ?, ?, ?, ?, ?, ?, ?, ?, ?)
Hibernate: select activityjp0_.id as id1_0_, activityjp0_.company_id as company_2_0_, activityjp0_.created_at as created_3_0_, activityjp0_.creative_company_user_id as creative4_0_, activityjp0_.description as descript5_0_, activityjp0_.finished_at as finished6_0_, activityjp0_.negotiation_id as negotiat7_0_, activityjp0_.response as response8_0_, activityjp0_.responsible_company_user_id as responsi9_0_, activityjp0_.scheduled as schedul10_0_, activityjp0_.status as status11_0_, activityjp0_.type as type12_0_, activityjp0_.updated_at as updated13_0_ from activities activityjp0_ order by activityjp0_.created_at asc limit ?
Hibernate: select activityjp0_.id as id1_0_, activityjp0_.company_id as company_2_0_, activityjp0_.created_at as created_3_0_, activityjp0_.creative_company_user_id as creative4_0_, activityjp0_.description as descript5_0_, activityjp0_.finished_at as finished6_0_, activityjp0_.negotiation_id as negotiat7_0_, activityjp0_.response as response8_0_, activityjp0_.responsible_company_user_id as responsi9_0_, activityjp0_.scheduled as schedul10_0_, activityjp0_.status as status11_0_, activityjp0_.type as type12_0_, activityjp0_.updated_at as updated13_0_ from activities activityjp0_
Hibernate: delete from activities where id=?
Hibernate: delete from activities where id=?
Hibernate: delete from activities where id=?
Hibernate: delete from activities where id=?
Hibernate: delete from activities where id=?
Hibernate: delete from activities where id=?
Hibernate: delete from activities where id=?
Hibernate: insert into activities (company_id, created_at, creative_company_user_id, description, finished_at, negotiation_id, response, responsible_company_user_id, scheduled, status, type, updated_at) values (?, ?, ?, ?, ?, ?, ?, ?, ?, ?, ?, ?)
Hibernate: insert into activities (company_id, created_at, creative_company_user_id, description, finished_at, negotiation_id, response, responsible_company_user_id, scheduled, status, type, updated_at) values (?, ?, ?, ?, ?, ?, ?, ?, ?, ?, ?, ?)
Hibernate: insert into activities (company_id, created_at, creative_company_user_id, description, finished_at, negotiation_id, response, responsible_company_user_id, scheduled, status, type, updated_at) values (?, ?, ?, ?, ?, ?, ?, ?, ?, ?, ?, ?)
Hibernate: insert into activities (company_id, created_at, creative_company_user_id, description, finished_at, negotiation_id, response, responsible_company_user_id, scheduled, status, type, updated_at) values (?, ?, ?, ?, ?, ?, ?, ?, ?, ?, ?, ?)
Hibernate: insert into activities (company_id, created_at, creative_company_user_id, description, finished_at, negotiation_id, response, responsible_company_user_id, scheduled, status, type, updated_at) values (?, ?, ?, ?, ?, ?, ?, ?, ?, ?, ?, ?)
Hibernate: insert into activities (company_id, created_at, creative_company_user_id, description, finished_at, negotiation_id, response, responsible_company_user_id, scheduled, status, type, updated_at) values (?, ?, ?, ?, ?, ?, ?, ?, ?, ?, ?, ?)
Hibernate: insert into activities (company_id, created_at, creative_company_user_id, description, finished_at, negotiation_id, response, responsible_company_user_id, scheduled, status, type, updated_at) values (?, ?, ?, ?, ?, ?, ?, ?, ?, ?, ?, ?)
Hibernate: select activityjp0_.id as id1_0_, activityjp0_.company_id as company_2_0_, activityjp0_.created_at as created_3_0_, activityjp0_.creative_company_user_id as creative4_0_, activityjp0_.description as descript5_0_, activityjp0_.finished_at as finished6_0_, activityjp0_.negotiation_id as negotiat7_0_, activityjp0_.response as response8_0_, activityjp0_.responsible_company_user_id as responsi9_0_, activityjp0_.scheduled as schedul10_0_, activityjp0_.status as status11_0_, activityjp0_.type as type12_0_, activityjp0_.updated_at as updated13_0_ from activities activityjp0_ order by activityjp0_.created_at desc limit ?
Hibernate: select activityjp0_.id as id1_0_, activityjp0_.company_id as company_2_0_, activityjp0_.created_at as created_3_0_, activityjp0_.creative_company_user_id as creative4_0_, activityjp0_.description as descript5_0_, activityjp0_.finished_at as finished6_0_, activityjp0_.negotiation_id as negotiat7_0_, activityjp0_.response as response8_0_, activityjp0_.responsible_company_user_id as responsi9_0_, activityjp0_.scheduled as schedul10_0_, activityjp0_.status as status11_0_, activityjp0_.type as type12_0_, activityjp0_.updated_at as updated13_0_ from activities activityjp0_
Hibernate: delete from activities where id=?
Hibernate: delete from activities where id=?
Hibernate: delete from activities where id=?
Hibernate: delete from activities where id=?
Hibernate: delete from activities where id=?
Hibernate: delete from activities where id=?
Hibernate: delete from activities where id=?
Hibernate: insert into activities (company_id, created_at, creative_company_user_id, description, finished_at, negotiation_id, response, responsible_company_user_id, scheduled, status, type, updated_at) values (?, ?, ?, ?, ?, ?, ?, ?, ?, ?, ?, ?)
Hibernate: insert into activities (company_id, created_at, creative_company_user_id, description, finished_at, negotiation_id, response, responsible_company_user_id, scheduled, status, type, updated_at) values (?, ?, ?, ?, ?, ?, ?, ?, ?, ?, ?, ?)
Hibernate: insert into activities (company_id, created_at, creative_company_user_id, description, finished_at, negotiation_id, response, responsible_company_user_id, scheduled, status, type, updated_at) values (?, ?, ?, ?, ?, ?, ?, ?, ?, ?, ?, ?)
Hibernate: insert into activities (company_id, created_at, creative_company_user_id, description, finished_at, negotiation_id, response, responsible_company_user_id, scheduled, status, type, updated_at) values (?, ?, ?, ?, ?, ?, ?, ?, ?, ?, ?, ?)
Hibernate: insert into activities (company_id, created_at, creative_company_user_id, description, finished_at, negotiation_id, response, responsible_company_user_id, scheduled, status, type, updated_at) values (?, ?, ?, ?, ?, ?, ?, ?, ?, ?, ?, ?)
Hibernate: insert into activities (company_id, created_at, creative_company_user_id, description, finished_at, negotiation_id, response, responsible_company_user_id, scheduled, status, type, updated_at) values (?, ?, ?, ?, ?, ?, ?, ?, ?, ?, ?, ?)
Hibernate: insert into activities (company_id, created_at, creative_company_user_id, description, finished_at, negotiation_id, response, responsible_company_user_id, scheduled, status, type, updated_at) values (?, ?, ?, ?, ?, ?, ?, ?, ?, ?, ?, ?)
Hibernate: select activityjp0_.id as id1_0_, activityjp0_.company_id as company_2_0_, activityjp0_.created_at as created_3_0_, activityjp0_.creative_company_user_id as creative4_0_, activityjp0_.description as descript5_0_, activityjp0_.finished_at as finished6_0_, activityjp0_.negotiation_id as negotiat7_0_, activityjp0_.response as response8_0_, activityjp0_.responsible_company_user_id as responsi9_0_, activityjp0_.scheduled as schedul10_0_, activityjp0_.status as status11_0_, activityjp0_.type as type12_0_, activityjp0_.updated_at as updated13_0_ from activities activityjp0_ where upper(activityjp0_.description) like ? order by activityjp0_.description asc limit ?
Hibernate: select activityjp0_.id as id1_0_, activityjp0_.company_id as company_2_0_, activityjp0_.created_at as created_3_0_, activityjp0_.creative_company_user_id as creative4_0_, activityjp0_.description as descript5_0_, activityjp0_.finished_at as finished6_0_, activityjp0_.negotiation_id as negotiat7_0_, activityjp0_.response as response8_0_, activityjp0_.responsible_company_user_id as responsi9_0_, activityjp0_.scheduled as schedul10_0_, activityjp0_.status as status11_0_, activityjp0_.type as type12_0_, activityjp0_.updated_at as updated13_0_ from activities activityjp0_
Hibernate: delete from activities where id=?
Hibernate: delete from activities where id=?
Hibernate: delete from activities where id=?
Hibernate: delete from activities where id=?
Hibernate: delete from activities where id=?
Hibernate: delete from activities where id=?
Hibernate: delete from activities where id=?
Hibernate: insert into activities (company_id, created_at, creative_company_user_id, description, finished_at, negotiation_id, response, responsible_company_user_id, scheduled, status, type, updated_at) values (?, ?, ?, ?, ?, ?, ?, ?, ?, ?, ?, ?)
Hibernate: insert into activities (company_id, created_at, creative_company_user_id, description, finished_at, negotiation_id, response, responsible_company_user_id, scheduled, status, type, updated_at) values (?, ?, ?, ?, ?, ?, ?, ?, ?, ?, ?, ?)
Hibernate: insert into activities (company_id, created_at, creative_company_user_id, description, finished_at, negotiation_id, response, responsible_company_user_id, scheduled, status, type, updated_at) values (?, ?, ?, ?, ?, ?, ?, ?, ?, ?, ?, ?)
Hibernate: insert into activities (company_id, created_at, creative_company_user_id, description, finished_at, negotiation_id, response, responsible_company_user_id, scheduled, status, type, updated_at) values (?, ?, ?, ?, ?, ?, ?, ?, ?, ?, ?, ?)
Hibernate: insert into activities (company_id, created_at, creative_company_user_id, description, finished_at, negotiation_id, response, responsible_company_user_id, scheduled, status, type, updated_at) values (?, ?, ?, ?, ?, ?, ?, ?, ?, ?, ?, ?)
Hibernate: insert into activities (company_id, created_at, creative_company_user_id, description, finished_at, negotiation_id, response, responsible_company_user_id, scheduled, status, type, updated_at) values (?, ?, ?, ?, ?, ?, ?, ?, ?, ?, ?, ?)
Hibernate: insert into activities (company_id, created_at, creative_company_user_id, description, finished_at, negotiation_id, response, responsible_company_user_id, scheduled, status, type, updated_at) values (?, ?, ?, ?, ?, ?, ?, ?, ?, ?, ?, ?)
Hibernate: select activityjp0_.id as id1_0_, activityjp0_.company_id as company_2_0_, activityjp0_.created_at as created_3_0_, activityjp0_.creative_company_user_id as creative4_0_, activityjp0_.description as descript5_0_, activityjp0_.finished_at as finished6_0_, activityjp0_.negotiation_id as negotiat7_0_, activityjp0_.response as response8_0_, activityjp0_.responsible_company_user_id as responsi9_0_, activityjp0_.scheduled as schedul10_0_, activityjp0_.status as status11_0_, activityjp0_.type as type12_0_, activityjp0_.updated_at as updated13_0_ from activities activityjp0_ where upper(activityjp0_.description) like ? order by activityjp0_.description asc limit ?
Hibernate: select activityjp0_.id as id1_0_, activityjp0_.company_id as company_2_0_, activityjp0_.created_at as created_3_0_, activityjp0_.creative_company_user_id as creative4_0_, activityjp0_.description as descript5_0_, activityjp0_.finished_at as finished6_0_, activityjp0_.negotiation_id as negotiat7_0_, activityjp0_.response as response8_0_, activityjp0_.responsible_company_user_id as responsi9_0_, activityjp0_.scheduled as schedul10_0_, activityjp0_.status as status11_0_, activityjp0_.type as type12_0_, activityjp0_.updated_at as updated13_0_ from activities activityjp0_
Hibernate: delete from activities where id=?
Hibernate: delete from activities where id=?
Hibernate: delete from activities where id=?
Hibernate: delete from activities where id=?
Hibernate: delete from activities where id=?
Hibernate: delete from activities where id=?
Hibernate: delete from activities where id=?
Hibernate: insert into activities (company_id, created_at, creative_company_user_id, description, finished_at, negotiation_id, response, responsible_company_user_id, scheduled, status, type, updated_at) values (?, ?, ?, ?, ?, ?, ?, ?, ?, ?, ?, ?)
Hibernate: insert into activities (company_id, created_at, creative_company_user_id, description, finished_at, negotiation_id, response, responsible_company_user_id, scheduled, status, type, updated_at) values (?, ?, ?, ?, ?, ?, ?, ?, ?, ?, ?, ?)
Hibernate: insert into activities (company_id, created_at, creative_company_user_id, description, finished_at, negotiation_id, response, responsible_company_user_id, scheduled, status, type, updated_at) values (?, ?, ?, ?, ?, ?, ?, ?, ?, ?, ?, ?)
Hibernate: insert into activities (company_id, created_at, creative_company_user_id, description, finished_at, negotiation_id, response, responsible_company_user_id, scheduled, status, type, updated_at) values (?, ?, ?, ?, ?, ?, ?, ?, ?, ?, ?, ?)
Hibernate: insert into activities (company_id, created_at, creative_company_user_id, description, finished_at, negotiation_id, response, responsible_company_user_id, scheduled, status, type, updated_at) values (?, ?, ?, ?, ?, ?, ?, ?, ?, ?, ?, ?)
Hibernate: insert into activities (company_id, created_at, creative_company_user_id, description, finished_at, negotiation_id, response, responsible_company_user_id, scheduled, status, type, updated_at) values (?, ?, ?, ?, ?, ?, ?, ?, ?, ?, ?, ?)
Hibernate: insert into activities (company_id, created_at, creative_company_user_id, description, finished_at, negotiation_id, response, responsible_company_user_id, scheduled, status, type, updated_at) values (?, ?, ?, ?, ?, ?, ?, ?, ?, ?, ?, ?)
Hibernate: select activityjp0_.id as id1_0_, activityjp0_.company_id as company_2_0_, activityjp0_.created_at as created_3_0_, activityjp0_.creative_company_user_id as creative4_0_, activityjp0_.description as descript5_0_, activityjp0_.finished_at as finished6_0_, activityjp0_.negotiation_id as negotiat7_0_, activityjp0_.response as response8_0_, activityjp0_.responsible_company_user_id as responsi9_0_, activityjp0_.scheduled as schedul10_0_, activityjp0_.status as status11_0_, activityjp0_.type as type12_0_, activityjp0_.updated_at as updated13_0_ from activities activityjp0_ where upper(activityjp0_.description) like ? order by activityjp0_.description asc limit ?
Hibernate: select activityjp0_.id as id1_0_, activityjp0_.company_id as company_2_0_, activityjp0_.created_at as created_3_0_, activityjp0_.creative_company_user_id as creative4_0_, activityjp0_.description as descript5_0_, activityjp0_.finished_at as finished6_0_, activityjp0_.negotiation_id as negotiat7_0_, activityjp0_.response as response8_0_, activityjp0_.responsible_company_user_id as responsi9_0_, activityjp0_.scheduled as schedul10_0_, activityjp0_.status as status11_0_, activityjp0_.type as type12_0_, activityjp0_.updated_at as updated13_0_ from activities activityjp0_
Hibernate: delete from activities where id=?
Hibernate: delete from activities where id=?
Hibernate: delete from activities where id=?
Hibernate: delete from activities where id=?
Hibernate: delete from activities where id=?
Hibernate: delete from activities where id=?
Hibernate: delete from activities where id=?
Hibernate: insert into activities (company_id, created_at, creative_company_user_id, description, finished_at, negotiation_id, response, responsible_company_user_id, scheduled, status, type, updated_at) values (?, ?, ?, ?, ?, ?, ?, ?, ?, ?, ?, ?)
Hibernate: insert into activities (company_id, created_at, creative_company_user_id, description, finished_at, negotiation_id, response, responsible_company_user_id, scheduled, status, type, updated_at) values (?, ?, ?, ?, ?, ?, ?, ?, ?, ?, ?, ?)
Hibernate: insert into activities (company_id, created_at, creative_company_user_id, description, finished_at, negotiation_id, response, responsible_company_user_id, scheduled, status, type, updated_at) values (?, ?, ?, ?, ?, ?, ?, ?, ?, ?, ?, ?)
Hibernate: insert into activities (company_id, created_at, creative_company_user_id, description, finished_at, negotiation_id, response, responsible_company_user_id, scheduled, status, type, updated_at) values (?, ?, ?, ?, ?, ?, ?, ?, ?, ?, ?, ?)
Hibernate: insert into activities (company_id, created_at, creative_company_user_id, description, finished_at, negotiation_id, response, responsible_company_user_id, scheduled, status, type, updated_at) values (?, ?, ?, ?, ?, ?, ?, ?, ?, ?, ?, ?)
Hibernate: insert into activities (company_id, created_at, creative_company_user_id, description, finished_at, negotiation_id, response, responsible_company_user_id, scheduled, status, type, updated_at) values (?, ?, ?, ?, ?, ?, ?, ?, ?, ?, ?, ?)
Hibernate: insert into activities (company_id, created_at, creative_company_user_id, description, finished_at, negotiation_id, response, responsible_company_user_id, scheduled, status, type, updated_at) values (?, ?, ?, ?, ?, ?, ?, ?, ?, ?, ?, ?)
Hibernate: select activityjp0_.id as id1_0_, activityjp0_.company_id as company_2_0_, activityjp0_.created_at as created_3_0_, activityjp0_.creative_company_user_id as creative4_0_, activityjp0_.description as descript5_0_, activityjp0_.finished_at as finished6_0_, activityjp0_.negotiation_id as negotiat7_0_, activityjp0_.response as response8_0_, activityjp0_.responsible_company_user_id as responsi9_0_, activityjp0_.scheduled as schedul10_0_, activityjp0_.status as status11_0_, activityjp0_.type as type12_0_, activityjp0_.updated_at as updated13_0_ from activities activityjp0_ where upper(activityjp0_.description) like ? order by activityjp0_.description asc limit ?
Hibernate: select activityjp0_.id as id1_0_, activityjp0_.company_id as company_2_0_, activityjp0_.created_at as created_3_0_, activityjp0_.creative_company_user_id as creative4_0_, activityjp0_.description as descript5_0_, activityjp0_.finished_at as finished6_0_, activityjp0_.negotiation_id as negotiat7_0_, activityjp0_.response as response8_0_, activityjp0_.responsible_company_user_id as responsi9_0_, activityjp0_.scheduled as schedul10_0_, activityjp0_.status as status11_0_, activityjp0_.type as type12_0_, activityjp0_.updated_at as updated13_0_ from activities activityjp0_
Hibernate: delete from activities where id=?
Hibernate: delete from activities where id=?
Hibernate: delete from activities where id=?
Hibernate: delete from activities where id=?
Hibernate: delete from activities where id=?
Hibernate: delete from activities where id=?
Hibernate: delete from activities where id=?
Hibernate: insert into activities (company_id, created_at, creative_company_user_id, description, finished_at, negotiation_id, response, responsible_company_user_id, scheduled, status, type, updated_at) values (?, ?, ?, ?, ?, ?, ?, ?, ?, ?, ?, ?)
Hibernate: insert into activities (company_id, created_at, creative_company_user_id, description, finished_at, negotiation_id, response, responsible_company_user_id, scheduled, status, type, updated_at) values (?, ?, ?, ?, ?, ?, ?, ?, ?, ?, ?, ?)
Hibernate: insert into activities (company_id, created_at, creative_company_user_id, description, finished_at, negotiation_id, response, responsible_company_user_id, scheduled, status, type, updated_at) values (?, ?, ?, ?, ?, ?, ?, ?, ?, ?, ?, ?)
Hibernate: insert into activities (company_id, created_at, creative_company_user_id, description, finished_at, negotiation_id, response, responsible_company_user_id, scheduled, status, type, updated_at) values (?, ?, ?, ?, ?, ?, ?, ?, ?, ?, ?, ?)
Hibernate: insert into activities (company_id, created_at, creative_company_user_id, description, finished_at, negotiation_id, response, responsible_company_user_id, scheduled, status, type, updated_at) values (?, ?, ?, ?, ?, ?, ?, ?, ?, ?, ?, ?)
Hibernate: insert into activities (company_id, created_at, creative_company_user_id, description, finished_at, negotiation_id, response, responsible_company_user_id, scheduled, status, type, updated_at) values (?, ?, ?, ?, ?, ?, ?, ?, ?, ?, ?, ?)
Hibernate: insert into activities (company_id, created_at, creative_company_user_id, description, finished_at, negotiation_id, response, responsible_company_user_id, scheduled, status, type, updated_at) values (?, ?, ?, ?, ?, ?, ?, ?, ?, ?, ?, ?)
Hibernate: select activityjp0_.id as id1_0_, activityjp0_.company_id as company_2_0_, activityjp0_.created_at as created_3_0_, activityjp0_.creative_company_user_id as creative4_0_, activityjp0_.description as descript5_0_, activityjp0_.finished_at as finished6_0_, activityjp0_.negotiation_id as negotiat7_0_, activityjp0_.response as response8_0_, activityjp0_.responsible_company_user_id as responsi9_0_, activityjp0_.scheduled as schedul10_0_, activityjp0_.status as status11_0_, activityjp0_.type as type12_0_, activityjp0_.updated_at as updated13_0_ from activities activityjp0_ where upper(activityjp0_.description) like ? order by activityjp0_.description asc limit ?
Hibernate: select activityjp0_.id as id1_0_, activityjp0_.company_id as company_2_0_, activityjp0_.created_at as created_3_0_, activityjp0_.creative_company_user_id as creative4_0_, activityjp0_.description as descript5_0_, activityjp0_.finished_at as finished6_0_, activityjp0_.negotiation_id as negotiat7_0_, activityjp0_.response as response8_0_, activityjp0_.responsible_company_user_id as responsi9_0_, activityjp0_.scheduled as schedul10_0_, activityjp0_.status as status11_0_, activityjp0_.type as type12_0_, activityjp0_.updated_at as updated13_0_ from activities activityjp0_
Hibernate: delete from activities where id=?
Hibernate: delete from activities where id=?
Hibernate: delete from activities where id=?
Hibernate: delete from activities where id=?
Hibernate: delete from activities where id=?
Hibernate: delete from activities where id=?
Hibernate: delete from activities where id=?
Hibernate: insert into activities (company_id, created_at, creative_company_user_id, description, finished_at, negotiation_id, response, responsible_company_user_id, scheduled, status, type, updated_at) values (?, ?, ?, ?, ?, ?, ?, ?, ?, ?, ?, ?)
Hibernate: insert into activities (company_id, created_at, creative_company_user_id, description, finished_at, negotiation_id, response, responsible_company_user_id, scheduled, status, type, updated_at) values (?, ?, ?, ?, ?, ?, ?, ?, ?, ?, ?, ?)
Hibernate: insert into activities (company_id, created_at, creative_company_user_id, description, finished_at, negotiation_id, response, responsible_company_user_id, scheduled, status, type, updated_at) values (?, ?, ?, ?, ?, ?, ?, ?, ?, ?, ?, ?)
Hibernate: insert into activities (company_id, created_at, creative_company_user_id, description, finished_at, negotiation_id, response, responsible_company_user_id, scheduled, status, type, updated_at) values (?, ?, ?, ?, ?, ?, ?, ?, ?, ?, ?, ?)
Hibernate: insert into activities (company_id, created_at, creative_company_user_id, description, finished_at, negotiation_id, response, responsible_company_user_id, scheduled, status, type, updated_at) values (?, ?, ?, ?, ?, ?, ?, ?, ?, ?, ?, ?)
Hibernate: insert into activities (company_id, created_at, creative_company_user_id, description, finished_at, negotiation_id, response, responsible_company_user_id, scheduled, status, type, updated_at) values (?, ?, ?, ?, ?, ?, ?, ?, ?, ?, ?, ?)
Hibernate: insert into activities (company_id, created_at, creative_company_user_id, description, finished_at, negotiation_id, response, responsible_company_user_id, scheduled, status, type, updated_at) values (?, ?, ?, ?, ?, ?, ?, ?, ?, ?, ?, ?)
Hibernate: select activityjp0_.id as id1_0_, activityjp0_.company_id as company_2_0_, activityjp0_.created_at as created_3_0_, activityjp0_.creative_company_user_id as creative4_0_, activityjp0_.description as descript5_0_, activityjp0_.finished_at as finished6_0_, activityjp0_.negotiation_id as negotiat7_0_, activityjp0_.response as response8_0_, activityjp0_.responsible_company_user_id as responsi9_0_, activityjp0_.scheduled as schedul10_0_, activityjp0_.status as status11_0_, activityjp0_.type as type12_0_, activityjp0_.updated_at as updated13_0_ from activities activityjp0_ where upper(activityjp0_.description) like ? order by activityjp0_.description asc limit ?
Hibernate: select activityjp0_.id as id1_0_, activityjp0_.company_id as company_2_0_, activityjp0_.created_at as created_3_0_, activityjp0_.creative_company_user_id as creative4_0_, activityjp0_.description as descript5_0_, activityjp0_.finished_at as finished6_0_, activityjp0_.negotiation_id as negotiat7_0_, activityjp0_.response as response8_0_, activityjp0_.responsible_company_user_id as responsi9_0_, activityjp0_.scheduled as schedul10_0_, activityjp0_.status as status11_0_, activityjp0_.type as type12_0_, activityjp0_.updated_at as updated13_0_ from activities activityjp0_
Hibernate: delete from activities where id=?
Hibernate: delete from activities where id=?
Hibernate: delete from activities where id=?
Hibernate: delete from activities where id=?
Hibernate: delete from activities where id=?
Hibernate: delete from activities where id=?
Hibernate: delete from activities where id=?
Hibernate: insert into activities (company_id, created_at, creative_company_user_id, description, finished_at, negotiation_id, response, responsible_company_user_id, scheduled, status, type, updated_at) values (?, ?, ?, ?, ?, ?, ?, ?, ?, ?, ?, ?)
Hibernate: insert into activities (company_id, created_at, creative_company_user_id, description, finished_at, negotiation_id, response, responsible_company_user_id, scheduled, status, type, updated_at) values (?, ?, ?, ?, ?, ?, ?, ?, ?, ?, ?, ?)
Hibernate: insert into activities (company_id, created_at, creative_company_user_id, description, finished_at, negotiation_id, response, responsible_company_user_id, scheduled, status, type, updated_at) values (?, ?, ?, ?, ?, ?, ?, ?, ?, ?, ?, ?)
Hibernate: insert into activities (company_id, created_at, creative_company_user_id, description, finished_at, negotiation_id, response, responsible_company_user_id, scheduled, status, type, updated_at) values (?, ?, ?, ?, ?, ?, ?, ?, ?, ?, ?, ?)
Hibernate: insert into activities (company_id, created_at, creative_company_user_id, description, finished_at, negotiation_id, response, responsible_company_user_id, scheduled, status, type, updated_at) values (?, ?, ?, ?, ?, ?, ?, ?, ?, ?, ?, ?)
Hibernate: insert into activities (company_id, created_at, creative_company_user_id, description, finished_at, negotiation_id, response, responsible_company_user_id, scheduled, status, type, updated_at) values (?, ?, ?, ?, ?, ?, ?, ?, ?, ?, ?, ?)
Hibernate: insert into activities (company_id, created_at, creative_company_user_id, description, finished_at, negotiation_id, response, responsible_company_user_id, scheduled, status, type, updated_at) values (?, ?, ?, ?, ?, ?, ?, ?, ?, ?, ?, ?)
Hibernate: select activityjp0_.id as id1_0_, activityjp0_.company_id as company_2_0_, activityjp0_.created_at as created_3_0_, activityjp0_.creative_company_user_id as creative4_0_, activityjp0_.description as descript5_0_, activityjp0_.finished_at as finished6_0_, activityjp0_.negotiation_id as negotiat7_0_, activityjp0_.response as response8_0_, activityjp0_.responsible_company_user_id as responsi9_0_, activityjp0_.scheduled as schedul10_0_, activityjp0_.status as status11_0_, activityjp0_.type as type12_0_, activityjp0_.updated_at as updated13_0_ from activities activityjp0_ order by activityjp0_.description asc limit ?
Hibernate: select count(activityjp0_.id) as col_0_0_ from activities activityjp0_
Hibernate: select activityjp0_.id as id1_0_, activityjp0_.company_id as company_2_0_, activityjp0_.created_at as created_3_0_, activityjp0_.creative_company_user_id as creative4_0_, activityjp0_.description as descript5_0_, activityjp0_.finished_at as finished6_0_, activityjp0_.negotiation_id as negotiat7_0_, activityjp0_.response as response8_0_, activityjp0_.responsible_company_user_id as responsi9_0_, activityjp0_.scheduled as schedul10_0_, activityjp0_.status as status11_0_, activityjp0_.type as type12_0_, activityjp0_.updated_at as updated13_0_ from activities activityjp0_
Hibernate: delete from activities where id=?
Hibernate: delete from activities where id=?
Hibernate: delete from activities where id=?
Hibernate: delete from activities where id=?
Hibernate: delete from activities where id=?
Hibernate: delete from activities where id=?
Hibernate: delete from activities where id=?
Hibernate: insert into activities (company_id, created_at, creative_company_user_id, description, finished_at, negotiation_id, response, responsible_company_user_id, scheduled, status, type, updated_at) values (?, ?, ?, ?, ?, ?, ?, ?, ?, ?, ?, ?)
Hibernate: insert into activities (company_id, created_at, creative_company_user_id, description, finished_at, negotiation_id, response, responsible_company_user_id, scheduled, status, type, updated_at) values (?, ?, ?, ?, ?, ?, ?, ?, ?, ?, ?, ?)
Hibernate: insert into activities (company_id, created_at, creative_company_user_id, description, finished_at, negotiation_id, response, responsible_company_user_id, scheduled, status, type, updated_at) values (?, ?, ?, ?, ?, ?, ?, ?, ?, ?, ?, ?)
Hibernate: insert into activities (company_id, created_at, creative_company_user_id, description, finished_at, negotiation_id, response, responsible_company_user_id, scheduled, status, type, updated_at) values (?, ?, ?, ?, ?, ?, ?, ?, ?, ?, ?, ?)
Hibernate: insert into activities (company_id, created_at, creative_company_user_id, description, finished_at, negotiation_id, response, responsible_company_user_id, scheduled, status, type, updated_at) values (?, ?, ?, ?, ?, ?, ?, ?, ?, ?, ?, ?)
Hibernate: insert into activities (company_id, created_at, creative_company_user_id, description, finished_at, negotiation_id, response, responsible_company_user_id, scheduled, status, type, updated_at) values (?, ?, ?, ?, ?, ?, ?, ?, ?, ?, ?, ?)
Hibernate: insert into activities (company_id, created_at, creative_company_user_id, description, finished_at, negotiation_id, response, responsible_company_user_id, scheduled, status, type, updated_at) values (?, ?, ?, ?, ?, ?, ?, ?, ?, ?, ?, ?)
Hibernate: select activityjp0_.id as id1_0_, activityjp0_.company_id as company_2_0_, activityjp0_.created_at as created_3_0_, activityjp0_.creative_company_user_id as creative4_0_, activityjp0_.description as descript5_0_, activityjp0_.finished_at as finished6_0_, activityjp0_.negotiation_id as negotiat7_0_, activityjp0_.response as response8_0_, activityjp0_.responsible_company_user_id as responsi9_0_, activityjp0_.scheduled as schedul10_0_, activityjp0_.status as status11_0_, activityjp0_.type as type12_0_, activityjp0_.updated_at as updated13_0_ from activities activityjp0_ order by activityjp0_.description asc limit ?, ?
Hibernate: select count(activityjp0_.id) as col_0_0_ from activities activityjp0_
Hibernate: select activityjp0_.id as id1_0_, activityjp0_.company_id as company_2_0_, activityjp0_.created_at as created_3_0_, activityjp0_.creative_company_user_id as creative4_0_, activityjp0_.description as descript5_0_, activityjp0_.finished_at as finished6_0_, activityjp0_.negotiation_id as negotiat7_0_, activityjp0_.response as response8_0_, activityjp0_.responsible_company_user_id as responsi9_0_, activityjp0_.scheduled as schedul10_0_, activityjp0_.status as status11_0_, activityjp0_.type as type12_0_, activityjp0_.updated_at as updated13_0_ from activities activityjp0_
Hibernate: delete from activities where id=?
Hibernate: delete from activities where id=?
Hibernate: delete from activities where id=?
Hibernate: delete from activities where id=?
Hibernate: delete from activities where id=?
Hibernate: delete from activities where id=?
Hibernate: delete from activities where id=?
Hibernate: insert into activities (company_id, created_at, creative_company_user_id, description, finished_at, negotiation_id, response, responsible_company_user_id, scheduled, status, type, updated_at) values (?, ?, ?, ?, ?, ?, ?, ?, ?, ?, ?, ?)
Hibernate: insert into activities (company_id, created_at, creative_company_user_id, description, finished_at, negotiation_id, response, responsible_company_user_id, scheduled, status, type, updated_at) values (?, ?, ?, ?, ?, ?, ?, ?, ?, ?, ?, ?)
Hibernate: insert into activities (company_id, created_at, creative_company_user_id, description, finished_at, negotiation_id, response, responsible_company_user_id, scheduled, status, type, updated_at) values (?, ?, ?, ?, ?, ?, ?, ?, ?, ?, ?, ?)
Hibernate: insert into activities (company_id, created_at, creative_company_user_id, description, finished_at, negotiation_id, response, responsible_company_user_id, scheduled, status, type, updated_at) values (?, ?, ?, ?, ?, ?, ?, ?, ?, ?, ?, ?)
Hibernate: insert into activities (company_id, created_at, creative_company_user_id, description, finished_at, negotiation_id, response, responsible_company_user_id, scheduled, status, type, updated_at) values (?, ?, ?, ?, ?, ?, ?, ?, ?, ?, ?, ?)
Hibernate: insert into activities (company_id, created_at, creative_company_user_id, description, finished_at, negotiation_id, response, responsible_company_user_id, scheduled, status, type, updated_at) values (?, ?, ?, ?, ?, ?, ?, ?, ?, ?, ?, ?)
Hibernate: insert into activities (company_id, created_at, creative_company_user_id, description, finished_at, negotiation_id, response, responsible_company_user_id, scheduled, status, type, updated_at) values (?, ?, ?, ?, ?, ?, ?, ?, ?, ?, ?, ?)
Hibernate: select activityjp0_.id as id1_0_, activityjp0_.company_id as company_2_0_, activityjp0_.created_at as created_3_0_, activityjp0_.creative_company_user_id as creative4_0_, activityjp0_.description as descript5_0_, activityjp0_.finished_at as finished6_0_, activityjp0_.negotiation_id as negotiat7_0_, activityjp0_.response as response8_0_, activityjp0_.responsible_company_user_id as responsi9_0_, activityjp0_.scheduled as schedul10_0_, activityjp0_.status as status11_0_, activityjp0_.type as type12_0_, activityjp0_.updated_at as updated13_0_ from activities activityjp0_ order by activityjp0_.description asc limit ?, ?
Hibernate: select count(activityjp0_.id) as col_0_0_ from activities activityjp0_
Hibernate: select activityjp0_.id as id1_0_, activityjp0_.company_id as company_2_0_, activityjp0_.created_at as created_3_0_, activityjp0_.creative_company_user_id as creative4_0_, activityjp0_.description as descript5_0_, activityjp0_.finished_at as finished6_0_, activityjp0_.negotiation_id as negotiat7_0_, activityjp0_.response as response8_0_, activityjp0_.responsible_company_user_id as responsi9_0_, activityjp0_.scheduled as schedul10_0_, activityjp0_.status as status11_0_, activityjp0_.type as type12_0_, activityjp0_.updated_at as updated13_0_ from activities activityjp0_
Hibernate: delete from activities where id=?
Hibernate: delete from activities where id=?
Hibernate: delete from activities where id=?
Hibernate: delete from activities where id=?
Hibernate: delete from activities where id=?
Hibernate: delete from activities where id=?
Hibernate: delete from activities where id=?
Hibernate: insert into activities (company_id, created_at, creative_company_user_id, description, finished_at, negotiation_id, response, responsible_company_user_id, scheduled, status, type, updated_at) values (?, ?, ?, ?, ?, ?, ?, ?, ?, ?, ?, ?)
Hibernate: insert into activities (company_id, created_at, creative_company_user_id, description, finished_at, negotiation_id, response, responsible_company_user_id, scheduled, status, type, updated_at) values (?, ?, ?, ?, ?, ?, ?, ?, ?, ?, ?, ?)
Hibernate: insert into activities (company_id, created_at, creative_company_user_id, description, finished_at, negotiation_id, response, responsible_company_user_id, scheduled, status, type, updated_at) values (?, ?, ?, ?, ?, ?, ?, ?, ?, ?, ?, ?)
Hibernate: insert into activities (company_id, created_at, creative_company_user_id, description, finished_at, negotiation_id, response, responsible_company_user_id, scheduled, status, type, updated_at) values (?, ?, ?, ?, ?, ?, ?, ?, ?, ?, ?, ?)
Hibernate: insert into activities (company_id, created_at, creative_company_user_id, description, finished_at, negotiation_id, response, responsible_company_user_id, scheduled, status, type, updated_at) values (?, ?, ?, ?, ?, ?, ?, ?, ?, ?, ?, ?)
Hibernate: insert into activities (company_id, created_at, creative_company_user_id, description, finished_at, negotiation_id, response, responsible_company_user_id, scheduled, status, type, updated_at) values (?, ?, ?, ?, ?, ?, ?, ?, ?, ?, ?, ?)
Hibernate: insert into activities (company_id, created_at, creative_company_user_id, description, finished_at, negotiation_id, response, responsible_company_user_id, scheduled, status, type, updated_at) values (?, ?, ?, ?, ?, ?, ?, ?, ?, ?, ?, ?)
Hibernate: select activityjp0_.id as id1_0_, activityjp0_.company_id as company_2_0_, activityjp0_.created_at as created_3_0_, activityjp0_.creative_company_user_id as creative4_0_, activityjp0_.description as descript5_0_, activityjp0_.finished_at as finished6_0_, activityjp0_.negotiation_id as negotiat7_0_, activityjp0_.response as response8_0_, activityjp0_.responsible_company_user_id as responsi9_0_, activityjp0_.scheduled as schedul10_0_, activityjp0_.status as status11_0_, activityjp0_.type as type12_0_, activityjp0_.updated_at as updated13_0_ from activities activityjp0_ order by activityjp0_.description asc limit ?, ?
]]></system-out>
  <system-err><![CDATA[]]></system-err>
</testsuite>
