<?xml version="1.0" encoding="UTF-8"?>
<testsuite name="br.com.powercrm.infrastructure.activity.models.UpdateActivityRequestTest" tests="1" skipped="0" failures="0" errors="0" timestamp="2023-06-03T15:34:47" hostname="MacBook-Air-de-Bruno.local" time="0.004">
  <properties/>
  <testcase name="testUnmarshall()" classname="br.com.powercrm.infrastructure.activity.models.UpdateActivityRequestTest" time="0.004"/>
  <system-out><![CDATA[2023-06-03 12:34:47.634  INFO 49578 --- [    Test worker] o.s.b.t.a.j.JsonTestContextBootstrapper  : Neither @ContextConfiguration nor @ContextHierarchy found for test class [br.com.powercrm.infrastructure.activity.models.UpdateActivityRequestTest], using SpringBootContextLoader
2023-06-03 12:34:47.635  INFO 49578 --- [    Test worker] o.s.t.c.support.AbstractContextLoader    : Could not detect default resource locations for test class [br.com.powercrm.infrastructure.activity.models.UpdateActivityRequestTest]: no resource found for suffixes {-context.xml, Context.groovy}.
2023-06-03 12:34:47.635  INFO 49578 --- [    Test worker] t.c.s.AnnotationConfigContextLoaderUtils : Could not detect default configuration classes for test class [br.com.powercrm.infrastructure.activity.models.UpdateActivityRequestTest]: UpdateActivityRequestTest does not declare any static, non-private, non-final, nested classes annotated with @Configuration.
2023-06-03 12:34:47.636  INFO 49578 --- [    Test worker] .b.t.c.SpringBootTestContextBootstrapper : Found @SpringBootConfiguration br.com.powercrm.infrastructure.Main for test class br.com.powercrm.infrastructure.activity.models.UpdateActivityRequestTest
2023-06-03 12:34:47.636  INFO 49578 --- [    Test worker] o.s.b.t.a.j.JsonTestContextBootstrapper  : Loaded default TestExecutionListener class names from location [META-INF/spring.factories]: [org.springframework.boot.test.autoconfigure.restdocs.RestDocsTestExecutionListener, org.springframework.boot.test.autoconfigure.web.client.MockRestServiceServerResetTestExecutionListener, org.springframework.boot.test.autoconfigure.web.servlet.MockMvcPrintOnlyOnFailureTestExecutionListener, org.springframework.boot.test.autoconfigure.web.servlet.WebDriverTestExecutionListener, org.springframework.boot.test.autoconfigure.webservices.client.MockWebServiceServerTestExecutionListener, org.springframework.boot.test.mock.mockito.MockitoTestExecutionListener, org.springframework.boot.test.mock.mockito.ResetMocksTestExecutionListener, org.springframework.test.context.web.ServletTestExecutionListener, org.springframework.test.context.support.DirtiesContextBeforeModesTestExecutionListener, org.springframework.test.context.event.ApplicationEventsTestExecutionListener, org.springframework.test.context.support.DependencyInjectionTestExecutionListener, org.springframework.test.context.support.DirtiesContextTestExecutionListener, org.springframework.test.context.transaction.TransactionalTestExecutionListener, org.springframework.test.context.jdbc.SqlScriptsTestExecutionListener, org.springframework.test.context.event.EventPublishingTestExecutionListener]
2023-06-03 12:34:47.636  INFO 49578 --- [    Test worker] o.s.b.t.a.j.JsonTestContextBootstrapper  : Using TestExecutionListeners: [org.springframework.test.context.web.ServletTestExecutionListener@7470b4d4, org.springframework.test.context.support.DirtiesContextBeforeModesTestExecutionListener@77d4bdc8, org.springframework.test.context.event.ApplicationEventsTestExecutionListener@4e761346, org.springframework.boot.test.mock.mockito.MockitoTestExecutionListener@2cb6de0a, org.springframework.boot.test.autoconfigure.SpringBootDependencyInjectionTestExecutionListener@5d11195c, org.springframework.test.context.support.DirtiesContextTestExecutionListener@ff9d5cb, org.springframework.test.context.transaction.TransactionalTestExecutionListener@716b0b51, org.springframework.test.context.jdbc.SqlScriptsTestExecutionListener@6bb7ddf8, org.springframework.test.context.event.EventPublishingTestExecutionListener@3eb9f22b, org.springframework.boot.test.autoconfigure.restdocs.RestDocsTestExecutionListener@7faf3fba, org.springframework.boot.test.autoconfigure.web.client.MockRestServiceServerResetTestExecutionListener@5637929d, org.springframework.boot.test.autoconfigure.web.servlet.MockMvcPrintOnlyOnFailureTestExecutionListener@3baddbe, org.springframework.boot.test.autoconfigure.web.servlet.WebDriverTestExecutionListener@72e34f48, org.springframework.boot.test.autoconfigure.webservices.client.MockWebServiceServerTestExecutionListener@7437ec41, org.springframework.boot.test.mock.mockito.ResetMocksTestExecutionListener@1e7e3b20]
]]></system-out>
  <system-err><![CDATA[]]></system-err>
</testsuite>
