<?xml version="1.0" encoding="UTF-8"?>
<testsuite name="br.com.powercrm.application.activity.update.UpdateActivityUseCaseIT" tests="4" skipped="0" failures="0" errors="0" timestamp="2023-06-03T15:34:31" hostname="MacBook-Air-de-Bruno.local" time="0.029">
  <properties/>
  <testcase name="givenAInvalidCommand_whenCallUpdateActivity_thenShouldReturnDomainException()" classname="br.com.powercrm.application.activity.update.UpdateActivityUseCaseIT" time="0.008"/>
  <testcase name="givenAValidCommand_whenCallUpdateActivity_thenShouldReturnActivityId()" classname="br.com.powercrm.application.activity.update.UpdateActivityUseCaseIT" time="0.009"/>
  <testcase name="givenAValidCommand_whenGatewayThrowsRandomException_thenShouldAException()" classname="br.com.powercrm.application.activity.update.UpdateActivityUseCaseIT" time="0.006"/>
  <testcase name="givenAInvalidID_whenCallUpdateActivity_thenShouldReturnNotFoundException()" classname="br.com.powercrm.application.activity.update.UpdateActivityUseCaseIT" time="0.003"/>
  <system-out><![CDATA[2023-06-03 12:34:31.617  INFO 49578 --- [    Test worker] .b.t.c.SpringBootTestContextBootstrapper : Neither @ContextConfiguration nor @ContextHierarchy found for test class [br.com.powercrm.application.activity.update.UpdateActivityUseCaseIT], using SpringBootContextLoader
2023-06-03 12:34:31.617  INFO 49578 --- [    Test worker] o.s.t.c.support.AbstractContextLoader    : Could not detect default resource locations for test class [br.com.powercrm.application.activity.update.UpdateActivityUseCaseIT]: no resource found for suffixes {-context.xml, Context.groovy}.
2023-06-03 12:34:31.618  INFO 49578 --- [    Test worker] .b.t.c.SpringBootTestContextBootstrapper : Loaded default TestExecutionListener class names from location [META-INF/spring.factories]: [org.springframework.boot.test.autoconfigure.restdocs.RestDocsTestExecutionListener, org.springframework.boot.test.autoconfigure.web.client.MockRestServiceServerResetTestExecutionListener, org.springframework.boot.test.autoconfigure.web.servlet.MockMvcPrintOnlyOnFailureTestExecutionListener, org.springframework.boot.test.autoconfigure.web.servlet.WebDriverTestExecutionListener, org.springframework.boot.test.autoconfigure.webservices.client.MockWebServiceServerTestExecutionListener, org.springframework.boot.test.mock.mockito.MockitoTestExecutionListener, org.springframework.boot.test.mock.mockito.ResetMocksTestExecutionListener, org.springframework.test.context.web.ServletTestExecutionListener, org.springframework.test.context.support.DirtiesContextBeforeModesTestExecutionListener, org.springframework.test.context.event.ApplicationEventsTestExecutionListener, org.springframework.test.context.support.DependencyInjectionTestExecutionListener, org.springframework.test.context.support.DirtiesContextTestExecutionListener, org.springframework.test.context.transaction.TransactionalTestExecutionListener, org.springframework.test.context.jdbc.SqlScriptsTestExecutionListener, org.springframework.test.context.event.EventPublishingTestExecutionListener]
2023-06-03 12:34:31.618  INFO 49578 --- [    Test worker] .b.t.c.SpringBootTestContextBootstrapper : Using TestExecutionListeners: [org.springframework.test.context.web.ServletTestExecutionListener@4468880e, org.springframework.test.context.support.DirtiesContextBeforeModesTestExecutionListener@2ab04596, org.springframework.test.context.event.ApplicationEventsTestExecutionListener@7a970713, org.springframework.boot.test.mock.mockito.MockitoTestExecutionListener@55d4729f, org.springframework.boot.test.autoconfigure.SpringBootDependencyInjectionTestExecutionListener@55fcb8d3, org.springframework.test.context.support.DirtiesContextTestExecutionListener@7dc8cb0f, org.springframework.test.context.transaction.TransactionalTestExecutionListener@3fa5f43a, org.springframework.test.context.jdbc.SqlScriptsTestExecutionListener@499329db, org.springframework.test.context.event.EventPublishingTestExecutionListener@79992a1a, org.springframework.boot.test.autoconfigure.restdocs.RestDocsTestExecutionListener@42321695, org.springframework.boot.test.autoconfigure.web.client.MockRestServiceServerResetTestExecutionListener@52a62ecd, org.springframework.boot.test.autoconfigure.web.servlet.MockMvcPrintOnlyOnFailureTestExecutionListener@22b08b3, org.springframework.boot.test.autoconfigure.web.servlet.WebDriverTestExecutionListener@32d23b16, org.springframework.boot.test.autoconfigure.webservices.client.MockWebServiceServerTestExecutionListener@60060567, org.springframework.boot.test.mock.mockito.ResetMocksTestExecutionListener@3b59fec]
Hibernate: select activityjp0_.id as id1_0_, activityjp0_.company_id as company_2_0_, activityjp0_.created_at as created_3_0_, activityjp0_.creative_company_user_id as creative4_0_, activityjp0_.description as descript5_0_, activityjp0_.finished_at as finished6_0_, activityjp0_.negotiation_id as negotiat7_0_, activityjp0_.response as response8_0_, activityjp0_.responsible_company_user_id as responsi9_0_, activityjp0_.scheduled as schedul10_0_, activityjp0_.status as status11_0_, activityjp0_.type as type12_0_, activityjp0_.updated_at as updated13_0_ from activities activityjp0_
Hibernate: delete from activities where id=?
Hibernate: delete from activities where id=?
Hibernate: delete from activities where id=?
Hibernate: delete from activities where id=?
Hibernate: delete from activities where id=?
Hibernate: delete from activities where id=?
Hibernate: delete from activities where id=?
Hibernate: select count(*) as col_0_0_ from activities activityjp0_
Hibernate: insert into activities (company_id, created_at, creative_company_user_id, description, finished_at, negotiation_id, response, responsible_company_user_id, scheduled, status, type, updated_at) values (?, ?, ?, ?, ?, ?, ?, ?, ?, ?, ?, ?)
Hibernate: select count(*) as col_0_0_ from activities activityjp0_
Hibernate: select activityjp0_.id as id1_0_0_, activityjp0_.company_id as company_2_0_0_, activityjp0_.created_at as created_3_0_0_, activityjp0_.creative_company_user_id as creative4_0_0_, activityjp0_.description as descript5_0_0_, activityjp0_.finished_at as finished6_0_0_, activityjp0_.negotiation_id as negotiat7_0_0_, activityjp0_.response as response8_0_0_, activityjp0_.responsible_company_user_id as responsi9_0_0_, activityjp0_.scheduled as schedul10_0_0_, activityjp0_.status as status11_0_0_, activityjp0_.type as type12_0_0_, activityjp0_.updated_at as updated13_0_0_ from activities activityjp0_ where activityjp0_.id=?
Hibernate: select activityjp0_.id as id1_0_, activityjp0_.company_id as company_2_0_, activityjp0_.created_at as created_3_0_, activityjp0_.creative_company_user_id as creative4_0_, activityjp0_.description as descript5_0_, activityjp0_.finished_at as finished6_0_, activityjp0_.negotiation_id as negotiat7_0_, activityjp0_.response as response8_0_, activityjp0_.responsible_company_user_id as responsi9_0_, activityjp0_.scheduled as schedul10_0_, activityjp0_.status as status11_0_, activityjp0_.type as type12_0_, activityjp0_.updated_at as updated13_0_ from activities activityjp0_
Hibernate: delete from activities where id=?
Hibernate: select count(*) as col_0_0_ from activities activityjp0_
Hibernate: insert into activities (company_id, created_at, creative_company_user_id, description, finished_at, negotiation_id, response, responsible_company_user_id, scheduled, status, type, updated_at) values (?, ?, ?, ?, ?, ?, ?, ?, ?, ?, ?, ?)
Hibernate: select count(*) as col_0_0_ from activities activityjp0_
Hibernate: select activityjp0_.id as id1_0_0_, activityjp0_.company_id as company_2_0_0_, activityjp0_.created_at as created_3_0_0_, activityjp0_.creative_company_user_id as creative4_0_0_, activityjp0_.description as descript5_0_0_, activityjp0_.finished_at as finished6_0_0_, activityjp0_.negotiation_id as negotiat7_0_0_, activityjp0_.response as response8_0_0_, activityjp0_.responsible_company_user_id as responsi9_0_0_, activityjp0_.scheduled as schedul10_0_0_, activityjp0_.status as status11_0_0_, activityjp0_.type as type12_0_0_, activityjp0_.updated_at as updated13_0_0_ from activities activityjp0_ where activityjp0_.id=?
Hibernate: select activityjp0_.id as id1_0_0_, activityjp0_.company_id as company_2_0_0_, activityjp0_.created_at as created_3_0_0_, activityjp0_.creative_company_user_id as creative4_0_0_, activityjp0_.description as descript5_0_0_, activityjp0_.finished_at as finished6_0_0_, activityjp0_.negotiation_id as negotiat7_0_0_, activityjp0_.response as response8_0_0_, activityjp0_.responsible_company_user_id as responsi9_0_0_, activityjp0_.scheduled as schedul10_0_0_, activityjp0_.status as status11_0_0_, activityjp0_.type as type12_0_0_, activityjp0_.updated_at as updated13_0_0_ from activities activityjp0_ where activityjp0_.id=?
Hibernate: select activityjp0_.id as id1_0_0_, activityjp0_.company_id as company_2_0_0_, activityjp0_.created_at as created_3_0_0_, activityjp0_.creative_company_user_id as creative4_0_0_, activityjp0_.description as descript5_0_0_, activityjp0_.finished_at as finished6_0_0_, activityjp0_.negotiation_id as negotiat7_0_0_, activityjp0_.response as response8_0_0_, activityjp0_.responsible_company_user_id as responsi9_0_0_, activityjp0_.scheduled as schedul10_0_0_, activityjp0_.status as status11_0_0_, activityjp0_.type as type12_0_0_, activityjp0_.updated_at as updated13_0_0_ from activities activityjp0_ where activityjp0_.id=?
Hibernate: update activities set company_id=?, created_at=?, creative_company_user_id=?, description=?, finished_at=?, negotiation_id=?, response=?, responsible_company_user_id=?, scheduled=?, status=?, type=?, updated_at=? where id=?
Hibernate: select count(*) as col_0_0_ from activities activityjp0_
Hibernate: select activityjp0_.id as id1_0_0_, activityjp0_.company_id as company_2_0_0_, activityjp0_.created_at as created_3_0_0_, activityjp0_.creative_company_user_id as creative4_0_0_, activityjp0_.description as descript5_0_0_, activityjp0_.finished_at as finished6_0_0_, activityjp0_.negotiation_id as negotiat7_0_0_, activityjp0_.response as response8_0_0_, activityjp0_.responsible_company_user_id as responsi9_0_0_, activityjp0_.scheduled as schedul10_0_0_, activityjp0_.status as status11_0_0_, activityjp0_.type as type12_0_0_, activityjp0_.updated_at as updated13_0_0_ from activities activityjp0_ where activityjp0_.id=?
Hibernate: select activityjp0_.id as id1_0_, activityjp0_.company_id as company_2_0_, activityjp0_.created_at as created_3_0_, activityjp0_.creative_company_user_id as creative4_0_, activityjp0_.description as descript5_0_, activityjp0_.finished_at as finished6_0_, activityjp0_.negotiation_id as negotiat7_0_, activityjp0_.response as response8_0_, activityjp0_.responsible_company_user_id as responsi9_0_, activityjp0_.scheduled as schedul10_0_, activityjp0_.status as status11_0_, activityjp0_.type as type12_0_, activityjp0_.updated_at as updated13_0_ from activities activityjp0_
Hibernate: delete from activities where id=?
Hibernate: select count(*) as col_0_0_ from activities activityjp0_
Hibernate: insert into activities (company_id, created_at, creative_company_user_id, description, finished_at, negotiation_id, response, responsible_company_user_id, scheduled, status, type, updated_at) values (?, ?, ?, ?, ?, ?, ?, ?, ?, ?, ?, ?)
Hibernate: select activityjp0_.id as id1_0_0_, activityjp0_.company_id as company_2_0_0_, activityjp0_.created_at as created_3_0_0_, activityjp0_.creative_company_user_id as creative4_0_0_, activityjp0_.description as descript5_0_0_, activityjp0_.finished_at as finished6_0_0_, activityjp0_.negotiation_id as negotiat7_0_0_, activityjp0_.response as response8_0_0_, activityjp0_.responsible_company_user_id as responsi9_0_0_, activityjp0_.scheduled as schedul10_0_0_, activityjp0_.status as status11_0_0_, activityjp0_.type as type12_0_0_, activityjp0_.updated_at as updated13_0_0_ from activities activityjp0_ where activityjp0_.id=?
Hibernate: select count(*) as col_0_0_ from activities activityjp0_
Hibernate: select activityjp0_.id as id1_0_0_, activityjp0_.company_id as company_2_0_0_, activityjp0_.created_at as created_3_0_0_, activityjp0_.creative_company_user_id as creative4_0_0_, activityjp0_.description as descript5_0_0_, activityjp0_.finished_at as finished6_0_0_, activityjp0_.negotiation_id as negotiat7_0_0_, activityjp0_.response as response8_0_0_, activityjp0_.responsible_company_user_id as responsi9_0_0_, activityjp0_.scheduled as schedul10_0_0_, activityjp0_.status as status11_0_0_, activityjp0_.type as type12_0_0_, activityjp0_.updated_at as updated13_0_0_ from activities activityjp0_ where activityjp0_.id=?
Hibernate: select activityjp0_.id as id1_0_0_, activityjp0_.company_id as company_2_0_0_, activityjp0_.created_at as created_3_0_0_, activityjp0_.creative_company_user_id as creative4_0_0_, activityjp0_.description as descript5_0_0_, activityjp0_.finished_at as finished6_0_0_, activityjp0_.negotiation_id as negotiat7_0_0_, activityjp0_.response as response8_0_0_, activityjp0_.responsible_company_user_id as responsi9_0_0_, activityjp0_.scheduled as schedul10_0_0_, activityjp0_.status as status11_0_0_, activityjp0_.type as type12_0_0_, activityjp0_.updated_at as updated13_0_0_ from activities activityjp0_ where activityjp0_.id=?
Hibernate: select activityjp0_.id as id1_0_, activityjp0_.company_id as company_2_0_, activityjp0_.created_at as created_3_0_, activityjp0_.creative_company_user_id as creative4_0_, activityjp0_.description as descript5_0_, activityjp0_.finished_at as finished6_0_, activityjp0_.negotiation_id as negotiat7_0_, activityjp0_.response as response8_0_, activityjp0_.responsible_company_user_id as responsi9_0_, activityjp0_.scheduled as schedul10_0_, activityjp0_.status as status11_0_, activityjp0_.type as type12_0_, activityjp0_.updated_at as updated13_0_ from activities activityjp0_
Hibernate: delete from activities where id=?
Hibernate: select activityjp0_.id as id1_0_0_, activityjp0_.company_id as company_2_0_0_, activityjp0_.created_at as created_3_0_0_, activityjp0_.creative_company_user_id as creative4_0_0_, activityjp0_.description as descript5_0_0_, activityjp0_.finished_at as finished6_0_0_, activityjp0_.negotiation_id as negotiat7_0_0_, activityjp0_.response as response8_0_0_, activityjp0_.responsible_company_user_id as responsi9_0_0_, activityjp0_.scheduled as schedul10_0_0_, activityjp0_.status as status11_0_0_, activityjp0_.type as type12_0_0_, activityjp0_.updated_at as updated13_0_0_ from activities activityjp0_ where activityjp0_.id=?
]]></system-out>
  <system-err><![CDATA[]]></system-err>
</testsuite>
