<?xml version="1.0" encoding="UTF-8"?>
<testsuite name="br.com.powercrm.infrastructure.activity.models.CreateActivityRequestTest" tests="2" skipped="0" failures="0" errors="0" timestamp="2023-06-03T15:34:47" hostname="MacBook-Air-de-Bruno.local" time="0.012">
  <properties/>
  <testcase name="testMarshall()" classname="br.com.powercrm.infrastructure.activity.models.CreateActivityRequestTest" time="0.005"/>
  <testcase name="testUnmarshall()" classname="br.com.powercrm.infrastructure.activity.models.CreateActivityRequestTest" time="0.006"/>
  <system-out><![CDATA[2023-06-03 12:34:47.618  INFO 49578 --- [    Test worker] o.s.b.t.a.j.JsonTestContextBootstrapper  : Neither @ContextConfiguration nor @ContextHierarchy found for test class [br.com.powercrm.infrastructure.activity.models.CreateActivityRequestTest], using SpringBootContextLoader
2023-06-03 12:34:47.619  INFO 49578 --- [    Test worker] o.s.t.c.support.AbstractContextLoader    : Could not detect default resource locations for test class [br.com.powercrm.infrastructure.activity.models.CreateActivityRequestTest]: no resource found for suffixes {-context.xml, Context.groovy}.
2023-06-03 12:34:47.619  INFO 49578 --- [    Test worker] t.c.s.AnnotationConfigContextLoaderUtils : Could not detect default configuration classes for test class [br.com.powercrm.infrastructure.activity.models.CreateActivityRequestTest]: CreateActivityRequestTest does not declare any static, non-private, non-final, nested classes annotated with @Configuration.
2023-06-03 12:34:47.620  INFO 49578 --- [    Test worker] .b.t.c.SpringBootTestContextBootstrapper : Found @SpringBootConfiguration br.com.powercrm.infrastructure.Main for test class br.com.powercrm.infrastructure.activity.models.CreateActivityRequestTest
2023-06-03 12:34:47.620  INFO 49578 --- [    Test worker] o.s.b.t.a.j.JsonTestContextBootstrapper  : Loaded default TestExecutionListener class names from location [META-INF/spring.factories]: [org.springframework.boot.test.autoconfigure.restdocs.RestDocsTestExecutionListener, org.springframework.boot.test.autoconfigure.web.client.MockRestServiceServerResetTestExecutionListener, org.springframework.boot.test.autoconfigure.web.servlet.MockMvcPrintOnlyOnFailureTestExecutionListener, org.springframework.boot.test.autoconfigure.web.servlet.WebDriverTestExecutionListener, org.springframework.boot.test.autoconfigure.webservices.client.MockWebServiceServerTestExecutionListener, org.springframework.boot.test.mock.mockito.MockitoTestExecutionListener, org.springframework.boot.test.mock.mockito.ResetMocksTestExecutionListener, org.springframework.test.context.web.ServletTestExecutionListener, org.springframework.test.context.support.DirtiesContextBeforeModesTestExecutionListener, org.springframework.test.context.event.ApplicationEventsTestExecutionListener, org.springframework.test.context.support.DependencyInjectionTestExecutionListener, org.springframework.test.context.support.DirtiesContextTestExecutionListener, org.springframework.test.context.transaction.TransactionalTestExecutionListener, org.springframework.test.context.jdbc.SqlScriptsTestExecutionListener, org.springframework.test.context.event.EventPublishingTestExecutionListener]
2023-06-03 12:34:47.621  INFO 49578 --- [    Test worker] o.s.b.t.a.j.JsonTestContextBootstrapper  : Using TestExecutionListeners: [org.springframework.test.context.web.ServletTestExecutionListener@19b7b678, org.springframework.test.context.support.DirtiesContextBeforeModesTestExecutionListener@3412ba32, org.springframework.test.context.event.ApplicationEventsTestExecutionListener@56286d2f, org.springframework.boot.test.mock.mockito.MockitoTestExecutionListener@61828158, org.springframework.boot.test.autoconfigure.SpringBootDependencyInjectionTestExecutionListener@4522ff66, org.springframework.test.context.support.DirtiesContextTestExecutionListener@64c00eda, org.springframework.test.context.transaction.TransactionalTestExecutionListener@71144678, org.springframework.test.context.jdbc.SqlScriptsTestExecutionListener@4e98143, org.springframework.test.context.event.EventPublishingTestExecutionListener@56e29777, org.springframework.boot.test.autoconfigure.restdocs.RestDocsTestExecutionListener@32b0e5af, org.springframework.boot.test.autoconfigure.web.client.MockRestServiceServerResetTestExecutionListener@61444207, org.springframework.boot.test.autoconfigure.web.servlet.MockMvcPrintOnlyOnFailureTestExecutionListener@29ef24f5, org.springframework.boot.test.autoconfigure.web.servlet.WebDriverTestExecutionListener@6b744790, org.springframework.boot.test.autoconfigure.webservices.client.MockWebServiceServerTestExecutionListener@5e5c4acc, org.springframework.boot.test.mock.mockito.ResetMocksTestExecutionListener@1dcb7f7a]
]]></system-out>
  <system-err><![CDATA[]]></system-err>
</testsuite>
